	[[[array([  0.00000000e+00,   2.49981799e-04,   2.49988887e-04,
         7.22267479e-07,   1.60217657e-07,   1.38226271e+00,
        -8.76304340e-02,   2.19635543e-01]), array([  9.54854633e-06,   2.49377071e-04,   2.51504569e-04,
         7.22267479e-07,   1.60217657e-07,   1.38507177e+00,
        -8.76304330e-02,   2.19635544e-01]), array([  1.91164777e-05,   2.48772342e-04,   2.53020252e-04,
         7.22267479e-07,   1.60217657e-07,   1.38788084e+00,
        -8.76304319e-02,   2.19635545e-01]), array([  2.87037942e-05,   2.48167613e-04,   2.54535934e-04,
         7.22267479e-07,   1.60217657e-07,   1.39068990e+00,
        -8.76304307e-02,   2.19635546e-01]), array([  3.83104957e-05,   2.47562885e-04,   2.56051617e-04,
         7.22267479e-07,   1.60217657e-07,   1.39349896e+00,
        -8.76304293e-02,   2.19635547e-01]), array([  4.79365823e-05,   2.46958156e-04,   2.57567299e-04,
         7.22267479e-07,   1.60217657e-07,   1.39630802e+00,
        -8.76304278e-02,   2.19635549e-01]), array([  5.75820539e-05,   2.46353427e-04,   2.59082982e-04,
         7.22267479e-07,   1.60217657e-07,   1.39911708e+00,
        -8.76304262e-02,   2.19635550e-01]), array([  6.72469106e-05,   2.45748699e-04,   2.60598664e-04,
         7.22267479e-07,   1.60217657e-07,   1.40192614e+00,
        -8.76304244e-02,   2.19635552e-01]), array([  7.69311523e-05,   2.45143970e-04,   2.62114347e-04,
         7.22267479e-07,   1.60217657e-07,   1.40473520e+00,
        -8.76304225e-02,   2.19635554e-01]), array([  8.66347790e-05,   2.44539242e-04,   2.63630029e-04,
         7.22267479e-07,   1.60217657e-07,   1.40754426e+00,
        -8.76304204e-02,   2.19635556e-01]), array([  9.63577907e-05,   2.43934513e-04,   2.65145712e-04,
         7.22267479e-07,   1.60217657e-07,   1.41035332e+00,
        -8.76304181e-02,   2.19635558e-01]), array([  1.06100187e-04,   2.43329784e-04,   2.66661395e-04,
         7.22267479e-07,   1.60217657e-07,   1.41316237e+00,
        -8.76304157e-02,   2.19635560e-01]), array([  1.15861969e-04,   2.42725056e-04,   2.68177077e-04,
         7.22267479e-07,   1.60217657e-07,   1.41597143e+00,
        -8.76304132e-02,   2.19635563e-01]), array([  1.25643136e-04,   2.42120327e-04,   2.69692760e-04,
         7.22267479e-07,   1.60217657e-07,   1.41878048e+00,
        -8.76304105e-02,   2.19635565e-01]), array([  1.35443688e-04,   2.41515599e-04,   2.71208442e-04,
         7.22267479e-07,   1.60217657e-07,   1.42158954e+00,
        -8.76304078e-02,   2.19635568e-01]), array([  1.45263624e-04,   2.40910870e-04,   2.72724125e-04,
         7.22267479e-07,   1.60217657e-07,   1.42439859e+00,
        -8.76304049e-02,   2.19635570e-01]), array([  1.55102946e-04,   2.40306142e-04,   2.74239808e-04,
         7.22267479e-07,   1.60217657e-07,   1.42720764e+00,
        -8.76304020e-02,   2.19635573e-01]), array([  1.64961653e-04,   2.39701414e-04,   2.75755490e-04,
         7.22267479e-07,   1.60217657e-07,   1.43001670e+00,
        -8.76303991e-02,   2.19635575e-01]), array([  1.74839745e-04,   2.39096685e-04,   2.77271173e-04,
         7.22267479e-07,   1.60217657e-07,   1.43282575e+00,
        -8.76303960e-02,   2.19635578e-01]), array([  1.84737221e-04,   2.38491957e-04,   2.78786856e-04,
         7.22267479e-07,   1.60217657e-07,   1.43563480e+00,
        -8.76303928e-02,   2.19635581e-01]), array([  1.94654083e-04,   2.37887228e-04,   2.80302538e-04,
         7.22267479e-07,   1.60217657e-07,   1.43844385e+00,
        -8.76303895e-02,   2.19635584e-01]), array([  2.04590329e-04,   2.37282500e-04,   2.81818221e-04,
         7.22267479e-07,   1.60217657e-07,   1.44125290e+00,
        -8.76303862e-02,   2.19635587e-01]), array([  2.14545961e-04,   2.36677772e-04,   2.83333904e-04,
         7.22267479e-07,   1.60217657e-07,   1.44406195e+00,
        -8.76303828e-02,   2.19635590e-01]), array([  2.24520978e-04,   2.36073043e-04,   2.84849587e-04,
         7.22267479e-07,   1.60217657e-07,   1.44687099e+00,
        -8.76303793e-02,   2.19635593e-01]), array([  2.34515379e-04,   2.35468315e-04,   2.86365270e-04,
         7.22267479e-07,   1.60217657e-07,   1.44968004e+00,
        -8.76303757e-02,   2.19635596e-01]), array([  2.44529165e-04,   2.34863587e-04,   2.87880952e-04,
         7.22267479e-07,   1.60217657e-07,   1.45248909e+00,
        -8.76303721e-02,   2.19635599e-01]), array([  2.54562337e-04,   2.34258859e-04,   2.89396635e-04,
         7.22267479e-07,   1.60217657e-07,   1.45529813e+00,
        -8.76303684e-02,   2.19635602e-01]), array([  2.64614893e-04,   2.33654130e-04,   2.90912318e-04,
         7.22267479e-07,   1.60217657e-07,   1.45810717e+00,
        -8.76303646e-02,   2.19635605e-01]), array([  2.74686834e-04,   2.33049402e-04,   2.92428001e-04,
         7.22267479e-07,   1.60217657e-07,   1.46091622e+00,
        -8.76303608e-02,   2.19635608e-01]), array([  2.84778160e-04,   2.32444674e-04,   2.93943684e-04,
         7.22267479e-07,   1.60217657e-07,   1.46372526e+00,
        -8.76303570e-02,   2.19635611e-01]), array([  2.94888871e-04,   2.31839946e-04,   2.95459367e-04,
         7.22267479e-07,   1.60217657e-07,   1.46653430e+00,
        -8.76303531e-02,   2.19635614e-01]), array([  3.05018967e-04,   2.31235218e-04,   2.96975050e-04,
         7.22267479e-07,   1.60217657e-07,   1.46934334e+00,
        -8.76303492e-02,   2.19635618e-01]), array([  3.15168448e-04,   2.30630490e-04,   2.98490733e-04,
         7.22267479e-07,   1.60217657e-07,   1.47215238e+00,
        -8.76303452e-02,   2.19635621e-01]), array([  3.25337314e-04,   2.30025762e-04,   3.00006416e-04,
         7.22267479e-07,   1.60217657e-07,   1.47496141e+00,
        -8.76303412e-02,   2.19635624e-01]), array([  3.35525564e-04,   2.29421034e-04,   3.01522099e-04,
         7.22267479e-07,   1.60217657e-07,   1.47777045e+00,
        -8.76303371e-02,   2.19635627e-01]), array([  3.45733200e-04,   2.28816306e-04,   3.03037782e-04,
         7.22267479e-07,   1.60217657e-07,   1.48057949e+00,
        -8.76303330e-02,   2.19635631e-01]), array([  3.55960220e-04,   2.28211578e-04,   3.04553465e-04,
         7.22267479e-07,   1.60217657e-07,   1.48338852e+00,
        -8.76303289e-02,   2.19635634e-01]), array([  3.66206625e-04,   2.27606850e-04,   3.06069148e-04,
         7.22267479e-07,   1.60217657e-07,   1.48619756e+00,
        -8.76303247e-02,   2.19635637e-01]), array([  3.76472415e-04,   2.27002122e-04,   3.07584831e-04,
         7.22267479e-07,   1.60217657e-07,   1.48900659e+00,
        -8.76303205e-02,   2.19635641e-01]), array([  3.86757590e-04,   2.26397394e-04,   3.09100515e-04,
         7.22267479e-07,   1.60217657e-07,   1.49181563e+00,
        -8.76303163e-02,   2.19635644e-01]), array([  3.97062150e-04,   2.25792666e-04,   3.10616198e-04,
         7.22267479e-07,   1.60217657e-07,   1.49462466e+00,
        -8.76303121e-02,   2.19635647e-01]), array([  4.07386094e-04,   2.25187939e-04,   3.12131881e-04,
         7.22267479e-07,   1.60217657e-07,   1.49743370e+00,
        -8.76303078e-02,   2.19635651e-01]), array([  4.17729424e-04,   2.24583211e-04,   3.13647564e-04,
         7.22267479e-07,   1.60217657e-07,   1.50024273e+00,
        -8.76303036e-02,   2.19635654e-01]), array([  4.28092138e-04,   2.23978483e-04,   3.15163247e-04,
         7.22267479e-07,   1.60217657e-07,   1.50305176e+00,
        -8.76302993e-02,   2.19635657e-01]), array([  4.38474237e-04,   2.23373755e-04,   3.16678931e-04,
         7.22267479e-07,   1.60217657e-07,   1.50586080e+00,
        -8.76302950e-02,   2.19635660e-01]), array([  4.48875721e-04,   2.22769028e-04,   3.18194614e-04,
         7.22267479e-07,   1.60217657e-07,   1.50866983e+00,
        -8.76302907e-02,   2.19635664e-01]), array([  4.59296590e-04,   2.22164300e-04,   3.19710297e-04,
         7.22267479e-07,   1.60217657e-07,   1.51147886e+00,
        -8.76302864e-02,   2.19635667e-01]), array([  4.69736844e-04,   2.21559572e-04,   3.21225981e-04,
         7.22267479e-07,   1.60217657e-07,   1.51428790e+00,
        -8.76302821e-02,   2.19635670e-01]), array([  4.80196482e-04,   2.20954845e-04,   3.22741664e-04,
         7.22267479e-07,   1.60217657e-07,   1.51709693e+00,
        -8.76302778e-02,   2.19635673e-01]), array([  4.90675506e-04,   2.20350117e-04,   3.24257347e-04,
         7.22267479e-07,   1.60217657e-07,   1.51990596e+00,
        -8.76302736e-02,   2.19635677e-01]), array([  5.01173914e-04,   2.19745390e-04,   3.25773031e-04,
         7.22267479e-07,   1.60217657e-07,   1.52271500e+00,
        -8.76302693e-02,   2.19635680e-01]), array([  5.11691707e-04,   2.19140662e-04,   3.27288714e-04,
         7.22267479e-07,   1.60217657e-07,   1.52552403e+00,
        -8.76302651e-02,   2.19635683e-01]), array([  5.22228885e-04,   2.18535935e-04,   3.28804398e-04,
         7.22267479e-07,   1.60217657e-07,   1.52833306e+00,
        -8.76302609e-02,   2.19635686e-01]), array([  5.32785448e-04,   2.17931207e-04,   3.30320081e-04,
         7.22267479e-07,   1.60217657e-07,   1.53114209e+00,
        -8.76302568e-02,   2.19635689e-01]), array([  5.43361396e-04,   2.17326480e-04,   3.31835765e-04,
         7.22267479e-07,   1.60217657e-07,   1.53395113e+00,
        -8.76302527e-02,   2.19635692e-01]), array([  5.53956728e-04,   2.16721752e-04,   3.33351448e-04,
         7.22267479e-07,   1.60217657e-07,   1.53676016e+00,
        -8.76302486e-02,   2.19635695e-01]), array([  5.64571446e-04,   2.16117025e-04,   3.34867132e-04,
         7.22267479e-07,   1.60217657e-07,   1.53956919e+00,
        -8.76302446e-02,   2.19635698e-01]), array([  5.75205548e-04,   2.15512298e-04,   3.36382815e-04,
         7.22267479e-07,   1.60217657e-07,   1.54237822e+00,
        -8.76302406e-02,   2.19635701e-01]), array([  5.85859035e-04,   2.14907570e-04,   3.37898499e-04,
         7.22267479e-07,   1.60217657e-07,   1.54518726e+00,
        -8.76302366e-02,   2.19635704e-01]), array([  5.96531907e-04,   2.14302843e-04,   3.39414182e-04,
         7.22267479e-07,   1.60217657e-07,   1.54799629e+00,
        -8.76302326e-02,   2.19635706e-01]), array([  6.07224164e-04,   2.13698116e-04,   3.40929866e-04,
         7.22267479e-07,   1.60217657e-07,   1.55080532e+00,
        -8.76302287e-02,   2.19635709e-01]), array([  6.17935805e-04,   2.13093389e-04,   3.42445549e-04,
         7.22267479e-07,   1.60217657e-07,   1.55361435e+00,
        -8.76302248e-02,   2.19635712e-01]), array([  6.28666832e-04,   2.12488661e-04,   3.43961233e-04,
         7.22267479e-07,   1.60217657e-07,   1.55642338e+00,
        -8.76302210e-02,   2.19635714e-01]), array([  6.39417243e-04,   2.11883934e-04,   3.45476917e-04,
         7.22267479e-07,   1.60217657e-07,   1.55923241e+00,
        -8.76302172e-02,   2.19635717e-01]), array([  6.50187039e-04,   2.11279207e-04,   3.46992600e-04,
         7.22267479e-07,   1.60217657e-07,   1.56204144e+00,
        -8.76302135e-02,   2.19635720e-01]), array([  6.60976220e-04,   2.10674480e-04,   3.48508284e-04,
         7.22267479e-07,   1.60217657e-07,   1.56485047e+00,
        -8.76302098e-02,   2.19635722e-01]), array([  6.71784785e-04,   2.10069753e-04,   3.50023968e-04,
         7.22267479e-07,   1.60217657e-07,   1.56765950e+00,
        -8.76302062e-02,   2.19635724e-01]), array([  6.82612736e-04,   2.09465026e-04,   3.51539651e-04,
         7.22267479e-07,   1.60217657e-07,   1.57046853e+00,
        -8.76302027e-02,   2.19635727e-01]), array([  6.93460071e-04,   2.08860299e-04,   3.53055335e-04,
         7.22267479e-07,   1.60217657e-07,   1.57327755e+00,
        -8.76301993e-02,   2.19635729e-01]), array([  7.04326792e-04,   2.08255572e-04,   3.54571019e-04,
         7.22267479e-07,   1.60217657e-07,   1.57608658e+00,
        -8.76301959e-02,   2.19635731e-01]), array([  7.15212897e-04,   2.07650845e-04,   3.56086703e-04,
         7.22267479e-07,   1.60217657e-07,   1.57889561e+00,
        -8.76301925e-02,   2.19635733e-01]), array([  7.26118386e-04,   2.07046118e-04,   3.57602387e-04,
         7.22267479e-07,   1.60217657e-07,   1.58170464e+00,
        -8.76301893e-02,   2.19635736e-01]), array([  7.37043261e-04,   2.06441391e-04,   3.59118070e-04,
         7.22267479e-07,   1.60217657e-07,   1.58451366e+00,
        -8.76301861e-02,   2.19635738e-01]), array([  7.47987520e-04,   2.05836664e-04,   3.60633754e-04,
         7.22267479e-07,   1.60217657e-07,   1.58732269e+00,
        -8.76301830e-02,   2.19635740e-01]), array([  7.58951164e-04,   2.05231937e-04,   3.62149438e-04,
         7.22267479e-07,   1.60217657e-07,   1.59013172e+00,
        -8.76301800e-02,   2.19635742e-01]), array([  7.69934193e-04,   2.04627210e-04,   3.63665122e-04,
         7.22267479e-07,   1.60217657e-07,   1.59294074e+00,
        -8.76301771e-02,   2.19635743e-01]), array([  7.80936607e-04,   2.04022483e-04,   3.65180806e-04,
         7.22267479e-07,   1.60217657e-07,   1.59574977e+00,
        -8.76301742e-02,   2.19635745e-01]), array([  7.91958406e-04,   2.03417756e-04,   3.66696490e-04,
         7.22267479e-07,   1.60217657e-07,   1.59855879e+00,
        -8.76301715e-02,   2.19635747e-01]), array([  8.02999589e-04,   2.02813029e-04,   3.68212173e-04,
         7.22267479e-07,   1.60217657e-07,   1.60136782e+00,
        -8.76301688e-02,   2.19635748e-01]), array([  8.14060158e-04,   2.02208302e-04,   3.69727857e-04,
         7.22267479e-07,   1.60217657e-07,   1.60417685e+00,
        -8.76301663e-02,   2.19635750e-01]), array([  8.25140111e-04,   2.01603576e-04,   3.71243541e-04,
         7.22267479e-07,   1.60217657e-07,   1.60698587e+00,
        -8.76301638e-02,   2.19635752e-01]), array([  8.36239448e-04,   2.00998849e-04,   3.72759225e-04,
         7.22267479e-07,   1.60217657e-07,   1.60979490e+00,
        -8.76301615e-02,   2.19635753e-01]), array([  8.47358171e-04,   2.00394122e-04,   3.74274909e-04,
         7.22267479e-07,   1.60217657e-07,   1.61260392e+00,
        -8.76301592e-02,   2.19635754e-01]), array([  8.58496278e-04,   1.99789395e-04,   3.75790593e-04,
         7.22267479e-07,   1.60217657e-07,   1.61541295e+00,
        -8.76301571e-02,   2.19635756e-01]), array([  8.69653771e-04,   1.99184668e-04,   3.77306277e-04,
         7.22267479e-07,   1.60217657e-07,   1.61822197e+00,
        -8.76301550e-02,   2.19635757e-01]), array([  8.80830648e-04,   1.98579942e-04,   3.78821961e-04,
         7.22267479e-07,   1.60217657e-07,   1.62103100e+00,
        -8.76301531e-02,   2.19635758e-01]), array([  8.92026909e-04,   1.97975215e-04,   3.80337645e-04,
         7.22267479e-07,   1.60217657e-07,   1.62384002e+00,
        -8.76301512e-02,   2.19635759e-01]), array([  9.03242556e-04,   1.97370488e-04,   3.81853329e-04,
         7.22267479e-07,   1.60217657e-07,   1.62664905e+00,
        -8.76301495e-02,   2.19635760e-01]), array([  9.14477587e-04,   1.96765762e-04,   3.83369013e-04,
         7.22267479e-07,   1.60217657e-07,   1.62945807e+00,
        -8.76301479e-02,   2.19635761e-01]), array([  9.25732004e-04,   1.96161035e-04,   3.84884697e-04,
         7.22267479e-07,   1.60217657e-07,   1.63226710e+00,
        -8.76301464e-02,   2.19635762e-01]), array([  9.37005805e-04,   1.95556308e-04,   3.86400381e-04,
         7.22267479e-07,   1.60217657e-07,   1.63507612e+00,
        -8.76301450e-02,   2.19635763e-01]), array([  9.48298990e-04,   1.94951582e-04,   3.87916065e-04,
         7.22267479e-07,   1.60217657e-07,   1.63788514e+00,
        -8.76301438e-02,   2.19635763e-01]), array([  9.59611561e-04,   1.94346855e-04,   3.89431748e-04,
         7.22267479e-07,   1.60217657e-07,   1.64069417e+00,
        -8.76301427e-02,   2.19635764e-01]), array([  9.70943516e-04,   1.93742128e-04,   3.90947432e-04,
         7.22267479e-07,   1.60217657e-07,   1.64350319e+00,
        -8.76301417e-02,   2.19635764e-01]), array([  9.82294856e-04,   1.93137402e-04,   3.92463116e-04,
         7.22267479e-07,   1.60217657e-07,   1.64631222e+00,
        -8.76301408e-02,   2.19635765e-01]), array([  9.93665581e-04,   1.92532675e-04,   3.93978800e-04,
         7.22267479e-07,   1.60217657e-07,   1.64912124e+00,
        -8.76301401e-02,   2.19635765e-01]), array([  0.00000000e+00,   7.50001019e-04,   2.75000561e-03,
         7.22267479e-07,   1.60217657e-07,   1.26636680e+00,
         2.61540578e-02,   3.43498718e-01]), array([  8.74876051e-06,   7.50181506e-04,   2.75237606e-03,
         7.22267479e-07,   1.60217657e-07,   1.26917587e+00,
         2.61540579e-02,   3.43498718e-01]), array([  1.75169061e-05,   7.50361992e-04,   2.75474651e-03,
         7.22267479e-07,   1.60217657e-07,   1.27198493e+00,
         2.61540581e-02,   3.43498718e-01]), array([  2.63044368e-05,   7.50542479e-04,   2.75711696e-03,
         7.22267479e-07,   1.60217657e-07,   1.27479400e+00,
         2.61540582e-02,   3.43498718e-01]), array([  3.51113526e-05,   7.50722965e-04,   2.75948741e-03,
         7.22267479e-07,   1.60217657e-07,   1.27760307e+00,
         2.61540584e-02,   3.43498718e-01]), array([  4.39376534e-05,   7.50903452e-04,   2.76185786e-03,
         7.22267479e-07,   1.60217657e-07,   1.28041213e+00,
         2.61540586e-02,   3.43498718e-01]), array([  5.27833394e-05,   7.51083938e-04,   2.76422831e-03,
         7.22267479e-07,   1.60217657e-07,   1.28322120e+00,
         2.61540588e-02,   3.43498718e-01]), array([  6.16484104e-05,   7.51264425e-04,   2.76659875e-03,
         7.22267479e-07,   1.60217657e-07,   1.28603026e+00,
         2.61540591e-02,   3.43498718e-01]), array([  7.05328664e-05,   7.51444911e-04,   2.76896920e-03,
         7.22267479e-07,   1.60217657e-07,   1.28883932e+00,
         2.61540593e-02,   3.43498718e-01]), array([  7.94367075e-05,   7.51625398e-04,   2.77133965e-03,
         7.22267479e-07,   1.60217657e-07,   1.29164839e+00,
         2.61540595e-02,   3.43498718e-01]), array([  8.83599337e-05,   7.51805884e-04,   2.77371010e-03,
         7.22267479e-07,   1.60217657e-07,   1.29445745e+00,
         2.61540598e-02,   3.43498718e-01]), array([  9.73025448e-05,   7.51986371e-04,   2.77608055e-03,
         7.22267479e-07,   1.60217657e-07,   1.29726651e+00,
         2.61540600e-02,   3.43498718e-01]), array([  1.06264541e-04,   7.52166857e-04,   2.77845100e-03,
         7.22267479e-07,   1.60217657e-07,   1.30007557e+00,
         2.61540602e-02,   3.43498718e-01]), array([  1.15245922e-04,   7.52347344e-04,   2.78082145e-03,
         7.22267479e-07,   1.60217657e-07,   1.30288463e+00,
         2.61540605e-02,   3.43498718e-01]), array([  1.24246689e-04,   7.52527830e-04,   2.78319190e-03,
         7.22267479e-07,   1.60217657e-07,   1.30569368e+00,
         2.61540607e-02,   3.43498718e-01]), array([  1.33266840e-04,   7.52708317e-04,   2.78556235e-03,
         7.22267479e-07,   1.60217657e-07,   1.30850274e+00,
         2.61540609e-02,   3.43498718e-01])]], [[array([  0.00000000e+00,   5.25000425e-03,   2.49998998e-04,
         7.22267479e-07,   1.60217657e-07,   1.13825829e+00,
        -1.20463290e-01,   2.53680068e-01]), array([  7.86469678e-06,   5.24917295e-03,   2.51749619e-04,
         7.22267479e-07,   1.60217657e-07,   1.14106736e+00,
        -1.20463290e-01,   2.53680070e-01]), array([  1.57487787e-05,   5.24834164e-03,   2.53500239e-04,
         7.22267479e-07,   1.60217657e-07,   1.14387643e+00,
        -1.20463290e-01,   2.53680071e-01]), array([  2.36522457e-05,   5.24751034e-03,   2.55250859e-04,
         7.22267479e-07,   1.60217657e-07,   1.14668551e+00,
        -1.20463290e-01,   2.53680073e-01]), array([  3.15750979e-05,   5.24667903e-03,   2.57001479e-04,
         7.22267479e-07,   1.60217657e-07,   1.14949458e+00,
        -1.20463290e-01,   2.53680076e-01]), array([  3.95173351e-05,   5.24584773e-03,   2.58752100e-04,
         7.22267479e-07,   1.60217657e-07,   1.15230365e+00,
        -1.20463290e-01,   2.53680078e-01]), array([  4.74789575e-05,   5.24501642e-03,   2.60502720e-04,
         7.22267479e-07,   1.60217657e-07,   1.15511272e+00,
        -1.20463290e-01,   2.53680081e-01]), array([  5.54599650e-05,   5.24418512e-03,   2.62253340e-04,
         7.22267479e-07,   1.60217657e-07,   1.15792179e+00,
        -1.20463290e-01,   2.53680083e-01]), array([  6.34603575e-05,   5.24335382e-03,   2.64003961e-04,
         7.22267479e-07,   1.60217657e-07,   1.16073086e+00,
        -1.20463290e-01,   2.53680086e-01]), array([  7.14801352e-05,   5.24252251e-03,   2.65754581e-04,
         7.22267479e-07,   1.60217657e-07,   1.16353992e+00,
        -1.20463290e-01,   2.53680090e-01]), array([  7.95192979e-05,   5.24169121e-03,   2.67505202e-04,
         7.22267479e-07,   1.60217657e-07,   1.16634899e+00,
        -1.20463290e-01,   2.53680093e-01]), array([  8.75778457e-05,   5.24085990e-03,   2.69255822e-04,
         7.22267479e-07,   1.60217657e-07,   1.16915806e+00,
        -1.20463290e-01,   2.53680096e-01]), array([  9.56557786e-05,   5.24002860e-03,   2.71006443e-04,
         7.22267479e-07,   1.60217657e-07,   1.17196712e+00,
        -1.20463290e-01,   2.53680100e-01]), array([  1.03753097e-04,   5.23919729e-03,   2.72757063e-04,
         7.22267479e-07,   1.60217657e-07,   1.17477619e+00,
        -1.20463290e-01,   2.53680104e-01]), array([  1.11869800e-04,   5.23836599e-03,   2.74507684e-04,
         7.22267479e-07,   1.60217657e-07,   1.17758525e+00,
        -1.20463290e-01,   2.53680108e-01]), array([  1.20005888e-04,   5.23753468e-03,   2.76258304e-04,
         7.22267479e-07,   1.60217657e-07,   1.18039431e+00,
        -1.20463290e-01,   2.53680112e-01]), array([  1.28161361e-04,   5.23670338e-03,   2.78008925e-04,
         7.22267479e-07,   1.60217657e-07,   1.18320337e+00,
        -1.20463290e-01,   2.53680116e-01]), array([  1.36336219e-04,   5.23587207e-03,   2.79759545e-04,
         7.22267479e-07,   1.60217657e-07,   1.18601244e+00,
        -1.20463290e-01,   2.53680120e-01]), array([  1.44530462e-04,   5.23504077e-03,   2.81510166e-04,
         7.22267479e-07,   1.60217657e-07,   1.18882150e+00,
        -1.20463290e-01,   2.53680124e-01]), array([  1.52744091e-04,   5.23420946e-03,   2.83260787e-04,
         7.22267479e-07,   1.60217657e-07,   1.19163056e+00,
        -1.20463290e-01,   2.53680128e-01]), array([  1.60977104e-04,   5.23337816e-03,   2.85011407e-04,
         7.22267479e-07,   1.60217657e-07,   1.19443961e+00,
        -1.20463290e-01,   2.53680133e-01]), array([  1.69229502e-04,   5.23254685e-03,   2.86762028e-04,
         7.22267479e-07,   1.60217657e-07,   1.19724867e+00,
        -1.20463290e-01,   2.53680137e-01]), array([  1.77501286e-04,   5.23171555e-03,   2.88512649e-04,
         7.22267479e-07,   1.60217657e-07,   1.20005773e+00,
        -1.20463290e-01,   2.53680141e-01]), array([  1.85792454e-04,   5.23088424e-03,   2.90263269e-04,
         7.22267479e-07,   1.60217657e-07,   1.20286678e+00,
        -1.20463290e-01,   2.53680146e-01]), array([  1.94103007e-04,   5.23005294e-03,   2.92013890e-04,
         7.22267479e-07,   1.60217657e-07,   1.20567584e+00,
        -1.20463290e-01,   2.53680150e-01]), array([  2.02432946e-04,   5.22922163e-03,   2.93764511e-04,
         7.22267479e-07,   1.60217657e-07,   1.20848489e+00,
        -1.20463290e-01,   2.53680154e-01]), array([  2.10782269e-04,   5.22839033e-03,   2.95515132e-04,
         7.22267479e-07,   1.60217657e-07,   1.21129394e+00,
        -1.20463290e-01,   2.53680159e-01]), array([  2.19150977e-04,   5.22755902e-03,   2.97265753e-04,
         7.22267479e-07,   1.60217657e-07,   1.21410300e+00,
        -1.20463290e-01,   2.53680163e-01]), array([  2.27539071e-04,   5.22672772e-03,   2.99016374e-04,
         7.22267479e-07,   1.60217657e-07,   1.21691205e+00,
        -1.20463290e-01,   2.53680168e-01]), array([  2.35946549e-04,   5.22589641e-03,   3.00766995e-04,
         7.22267479e-07,   1.60217657e-07,   1.21972110e+00,
        -1.20463290e-01,   2.53680172e-01]), array([  2.44373412e-04,   5.22506511e-03,   3.02517616e-04,
         7.22267479e-07,   1.60217657e-07,   1.22253015e+00,
        -1.20463290e-01,   2.53680177e-01]), array([  2.52819660e-04,   5.22423380e-03,   3.04268237e-04,
         7.22267479e-07,   1.60217657e-07,   1.22533919e+00,
        -1.20463290e-01,   2.53680182e-01]), array([  2.61285293e-04,   5.22340250e-03,   3.06018858e-04,
         7.22267479e-07,   1.60217657e-07,   1.22814824e+00,
        -1.20463290e-01,   2.53680187e-01]), array([  2.69770312e-04,   5.22257119e-03,   3.07769479e-04,
         7.22267479e-07,   1.60217657e-07,   1.23095729e+00,
        -1.20463290e-01,   2.53680192e-01]), array([  2.78274715e-04,   5.22173989e-03,   3.09520100e-04,
         7.22267479e-07,   1.60217657e-07,   1.23376633e+00,
        -1.20463290e-01,   2.53680197e-01]), array([  2.86798503e-04,   5.22090858e-03,   3.11270721e-04,
         7.22267479e-07,   1.60217657e-07,   1.23657538e+00,
        -1.20463290e-01,   2.53680202e-01]), array([  2.95341675e-04,   5.22007728e-03,   3.13021342e-04,
         7.22267479e-07,   1.60217657e-07,   1.23938442e+00,
        -1.20463290e-01,   2.53680207e-01]), array([  3.03904233e-04,   5.21924597e-03,   3.14771964e-04,
         7.22267479e-07,   1.60217657e-07,   1.24219347e+00,
        -1.20463290e-01,   2.53680212e-01]), array([  3.12486176e-04,   5.21841467e-03,   3.16522585e-04,
         7.22267479e-07,   1.60217657e-07,   1.24500251e+00,
        -1.20463290e-01,   2.53680216e-01]), array([  3.21087504e-04,   5.21758336e-03,   3.18273206e-04,
         7.22267479e-07,   1.60217657e-07,   1.24781155e+00,
        -1.20463290e-01,   2.53680221e-01]), array([  3.29708216e-04,   5.21675206e-03,   3.20023828e-04,
         7.22267479e-07,   1.60217657e-07,   1.25062059e+00,
        -1.20463290e-01,   2.53680226e-01]), array([  3.38348314e-04,   5.21592075e-03,   3.21774449e-04,
         7.22267479e-07,   1.60217657e-07,   1.25342963e+00,
        -1.20463290e-01,   2.53680230e-01]), array([  3.47007796e-04,   5.21508945e-03,   3.23525070e-04,
         7.22267479e-07,   1.60217657e-07,   1.25623867e+00,
        -1.20463290e-01,   2.53680235e-01]), array([  3.55686663e-04,   5.21425815e-03,   3.25275692e-04,
         7.22267479e-07,   1.60217657e-07,   1.25904771e+00,
        -1.20463290e-01,   2.53680239e-01]), array([  3.64384915e-04,   5.21342684e-03,   3.27026313e-04,
         7.22267479e-07,   1.60217657e-07,   1.26185675e+00,
        -1.20463290e-01,   2.53680244e-01]), array([  3.73102552e-04,   5.21259554e-03,   3.28776935e-04,
         7.22267479e-07,   1.60217657e-07,   1.26466578e+00,
        -1.20463290e-01,   2.53680248e-01]), array([  3.81839574e-04,   5.21176423e-03,   3.30527556e-04,
         7.22267479e-07,   1.60217657e-07,   1.26747482e+00,
        -1.20463290e-01,   2.53680253e-01]), array([  3.90595981e-04,   5.21093293e-03,   3.32278178e-04,
         7.22267479e-07,   1.60217657e-07,   1.27028386e+00,
        -1.20463290e-01,   2.53680257e-01]), array([  3.99371773e-04,   5.21010162e-03,   3.34028799e-04,
         7.22267479e-07,   1.60217657e-07,   1.27309290e+00,
        -1.20463290e-01,   2.53680261e-01]), array([  4.08166949e-04,   5.20927032e-03,   3.35779421e-04,
         7.22267479e-07,   1.60217657e-07,   1.27590194e+00,
        -1.20463290e-01,   2.53680265e-01]), array([  4.16981511e-04,   5.20843901e-03,   3.37530043e-04,
         7.22267479e-07,   1.60217657e-07,   1.27871097e+00,
        -1.20463290e-01,   2.53680270e-01]), array([  4.25815457e-04,   5.20760771e-03,   3.39280664e-04,
         7.22267479e-07,   1.60217657e-07,   1.28152001e+00,
        -1.20463290e-01,   2.53680274e-01]), array([  4.34668788e-04,   5.20677640e-03,   3.41031286e-04,
         7.22267479e-07,   1.60217657e-07,   1.28432905e+00,
        -1.20463290e-01,   2.53680278e-01]), array([  4.43541504e-04,   5.20594510e-03,   3.42781908e-04,
         7.22267479e-07,   1.60217657e-07,   1.28713808e+00,
        -1.20463290e-01,   2.53680282e-01]), array([  4.52433605e-04,   5.20511379e-03,   3.44532529e-04,
         7.22267479e-07,   1.60217657e-07,   1.28994712e+00,
        -1.20463290e-01,   2.53680286e-01]), array([  4.61345091e-04,   5.20428249e-03,   3.46283151e-04,
         7.22267479e-07,   1.60217657e-07,   1.29275615e+00,
        -1.20463290e-01,   2.53680291e-01]), array([  4.70275961e-04,   5.20345118e-03,   3.48033773e-04,
         7.22267479e-07,   1.60217657e-07,   1.29556519e+00,
        -1.20463290e-01,   2.53680295e-01]), array([  4.79226217e-04,   5.20261988e-03,   3.49784395e-04,
         7.22267479e-07,   1.60217657e-07,   1.29837422e+00,
        -1.20463290e-01,   2.53680299e-01]), array([  4.88195857e-04,   5.20178857e-03,   3.51535017e-04,
         7.22267479e-07,   1.60217657e-07,   1.30118326e+00,
        -1.20463290e-01,   2.53680302e-01]), array([  4.97184882e-04,   5.20095727e-03,   3.53285639e-04,
         7.22267479e-07,   1.60217657e-07,   1.30399229e+00,
        -1.20463290e-01,   2.53680306e-01]), array([  5.06193293e-04,   5.20012596e-03,   3.55036260e-04,
         7.22267479e-07,   1.60217657e-07,   1.30680132e+00,
        -1.20463290e-01,   2.53680310e-01]), array([  5.15221088e-04,   5.19929466e-03,   3.56786882e-04,
         7.22267479e-07,   1.60217657e-07,   1.30961036e+00,
        -1.20463290e-01,   2.53680314e-01]), array([  5.24268267e-04,   5.19846335e-03,   3.58537504e-04,
         7.22267479e-07,   1.60217657e-07,   1.31241939e+00,
        -1.20463290e-01,   2.53680317e-01]), array([  5.33334832e-04,   5.19763205e-03,   3.60288126e-04,
         7.22267479e-07,   1.60217657e-07,   1.31522842e+00,
        -1.20463290e-01,   2.53680321e-01]), array([  5.42420781e-04,   5.19680074e-03,   3.62038748e-04,
         7.22267479e-07,   1.60217657e-07,   1.31803745e+00,
        -1.20463290e-01,   2.53680324e-01]), array([  5.51526116e-04,   5.19596944e-03,   3.63789370e-04,
         7.22267479e-07,   1.60217657e-07,   1.32084649e+00,
        -1.20463290e-01,   2.53680327e-01]), array([  5.60650835e-04,   5.19513813e-03,   3.65539992e-04,
         7.22267479e-07,   1.60217657e-07,   1.32365552e+00,
        -1.20463290e-01,   2.53680330e-01]), array([  5.69794939e-04,   5.19430683e-03,   3.67290615e-04,
         7.22267479e-07,   1.60217657e-07,   1.32646455e+00,
        -1.20463290e-01,   2.53680333e-01]), array([  5.78958428e-04,   5.19347552e-03,   3.69041237e-04,
         7.22267479e-07,   1.60217657e-07,   1.32927358e+00,
        -1.20463290e-01,   2.53680336e-01]), array([  5.88141301e-04,   5.19264422e-03,   3.70791859e-04,
         7.22267479e-07,   1.60217657e-07,   1.33208261e+00,
        -1.20463290e-01,   2.53680339e-01]), array([  5.97343560e-04,   5.19181291e-03,   3.72542481e-04,
         7.22267479e-07,   1.60217657e-07,   1.33489164e+00,
        -1.20463290e-01,   2.53680342e-01]), array([  6.06565203e-04,   5.19098161e-03,   3.74293103e-04,
         7.22267479e-07,   1.60217657e-07,   1.33770067e+00,
        -1.20463290e-01,   2.53680345e-01]), array([  6.15806231e-04,   5.19015030e-03,   3.76043725e-04,
         7.22267479e-07,   1.60217657e-07,   1.34050970e+00,
        -1.20463290e-01,   2.53680348e-01]), array([  6.25066644e-04,   5.18931900e-03,   3.77794347e-04,
         7.22267479e-07,   1.60217657e-07,   1.34331873e+00,
        -1.20463290e-01,   2.53680350e-01]), array([  6.34346442e-04,   5.18848769e-03,   3.79544970e-04,
         7.22267479e-07,   1.60217657e-07,   1.34612776e+00,
        -1.20463290e-01,   2.53680353e-01]), array([  6.43645625e-04,   5.18765639e-03,   3.81295592e-04,
         7.22267479e-07,   1.60217657e-07,   1.34893679e+00,
        -1.20463290e-01,   2.53680355e-01]), array([  6.52964192e-04,   5.18682508e-03,   3.83046214e-04,
         7.22267479e-07,   1.60217657e-07,   1.35174581e+00,
        -1.20463290e-01,   2.53680358e-01]), array([  6.62302144e-04,   5.18599378e-03,   3.84796836e-04,
         7.22267479e-07,   1.60217657e-07,   1.35455484e+00,
        -1.20463290e-01,   2.53680360e-01]), array([  6.71659481e-04,   5.18516247e-03,   3.86547459e-04,
         7.22267479e-07,   1.60217657e-07,   1.35736387e+00,
        -1.20463290e-01,   2.53680362e-01]), array([  6.81036203e-04,   5.18433117e-03,   3.88298081e-04,
         7.22267479e-07,   1.60217657e-07,   1.36017290e+00,
        -1.20463290e-01,   2.53680364e-01]), array([  6.90432310e-04,   5.18349987e-03,   3.90048703e-04,
         7.22267479e-07,   1.60217657e-07,   1.36298192e+00,
        -1.20463290e-01,   2.53680366e-01]), array([  6.99847801e-04,   5.18266856e-03,   3.91799325e-04,
         7.22267479e-07,   1.60217657e-07,   1.36579095e+00,
        -1.20463290e-01,   2.53680368e-01]), array([  7.09282678e-04,   5.18183726e-03,   3.93549948e-04,
         7.22267479e-07,   1.60217657e-07,   1.36859997e+00,
        -1.20463290e-01,   2.53680370e-01]), array([  7.18736939e-04,   5.18100595e-03,   3.95300570e-04,
         7.22267479e-07,   1.60217657e-07,   1.37140900e+00,
        -1.20463290e-01,   2.53680372e-01]), array([  7.28210585e-04,   5.18017465e-03,   3.97051193e-04,
         7.22267479e-07,   1.60217657e-07,   1.37421802e+00,
        -1.20463290e-01,   2.53680374e-01]), array([  7.37703615e-04,   5.17934334e-03,   3.98801815e-04,
         7.22267479e-07,   1.60217657e-07,   1.37702705e+00,
        -1.20463290e-01,   2.53680376e-01]), array([  7.47216031e-04,   5.17851204e-03,   4.00552437e-04,
         7.22267479e-07,   1.60217657e-07,   1.37983608e+00,
        -1.20463290e-01,   2.53680377e-01]), array([  7.56747831e-04,   5.17768073e-03,   4.02303060e-04,
         7.22267479e-07,   1.60217657e-07,   1.38264510e+00,
        -1.20463290e-01,   2.53680379e-01]), array([  7.66299016e-04,   5.17684943e-03,   4.04053682e-04,
         7.22267479e-07,   1.60217657e-07,   1.38545413e+00,
        -1.20463290e-01,   2.53680381e-01]), array([  7.75869586e-04,   5.17601812e-03,   4.05804304e-04,
         7.22267479e-07,   1.60217657e-07,   1.38826315e+00,
        -1.20463290e-01,   2.53680382e-01]), array([  7.85459541e-04,   5.17518682e-03,   4.07554927e-04,
         7.22267479e-07,   1.60217657e-07,   1.39107217e+00,
        -1.20463290e-01,   2.53680384e-01]), array([  7.95068880e-04,   5.17435551e-03,   4.09305549e-04,
         7.22267479e-07,   1.60217657e-07,   1.39388120e+00,
        -1.20463290e-01,   2.53680385e-01]), array([  8.04697604e-04,   5.17352421e-03,   4.11056172e-04,
         7.22267479e-07,   1.60217657e-07,   1.39669022e+00,
        -1.20463290e-01,   2.53680386e-01]), array([  8.14345713e-04,   5.17269290e-03,   4.12806794e-04,
         7.22267479e-07,   1.60217657e-07,   1.39949925e+00,
        -1.20463290e-01,   2.53680388e-01]), array([  8.24013207e-04,   5.17186160e-03,   4.14557417e-04,
         7.22267479e-07,   1.60217657e-07,   1.40230827e+00,
        -1.20463290e-01,   2.53680389e-01]), array([  8.33700086e-04,   5.17103029e-03,   4.16308039e-04,
         7.22267479e-07,   1.60217657e-07,   1.40511729e+00,
        -1.20463290e-01,   2.53680390e-01]), array([  8.43406349e-04,   5.17019899e-03,   4.18058662e-04,
         7.22267479e-07,   1.60217657e-07,   1.40792632e+00,
        -1.20463290e-01,   2.53680391e-01]), array([  8.53131997e-04,   5.16936768e-03,   4.19809284e-04,
         7.22267479e-07,   1.60217657e-07,   1.41073534e+00,
        -1.20463290e-01,   2.53680392e-01]), array([  8.62877030e-04,   5.16853638e-03,   4.21559907e-04,
         7.22267479e-07,   1.60217657e-07,   1.41354436e+00,
        -1.20463290e-01,   2.53680393e-01]), array([  8.72641448e-04,   5.16770507e-03,   4.23310529e-04,
         7.22267479e-07,   1.60217657e-07,   1.41635338e+00,
        -1.20463290e-01,   2.53680394e-01]), array([  8.82425250e-04,   5.16687377e-03,   4.25061152e-04,
         7.22267479e-07,   1.60217657e-07,   1.41916241e+00,
        -1.20463290e-01,   2.53680395e-01]), array([  8.92228437e-04,   5.16604246e-03,   4.26811774e-04,
         7.22267479e-07,   1.60217657e-07,   1.42197143e+00,
        -1.20463290e-01,   2.53680396e-01]), array([  9.02051009e-04,   5.16521116e-03,   4.28562397e-04,
         7.22267479e-07,   1.60217657e-07,   1.42478045e+00,
        -1.20463290e-01,   2.53680397e-01]), array([  9.11892966e-04,   5.16437985e-03,   4.30313019e-04,
         7.22267479e-07,   1.60217657e-07,   1.42758947e+00,
        -1.20463290e-01,   2.53680398e-01]), array([  9.21754308e-04,   5.16354855e-03,   4.32063642e-04,
         7.22267479e-07,   1.60217657e-07,   1.43039849e+00,
        -1.20463290e-01,   2.53680398e-01]), array([  9.31635034e-04,   5.16271724e-03,   4.33814264e-04,
         7.22267479e-07,   1.60217657e-07,   1.43320751e+00,
        -1.20463290e-01,   2.53680399e-01]), array([  9.41535145e-04,   5.16188594e-03,   4.35564887e-04,
         7.22267479e-07,   1.60217657e-07,   1.43601654e+00,
        -1.20463290e-01,   2.53680400e-01]), array([  9.51454641e-04,   5.16105463e-03,   4.37315509e-04,
         7.22267479e-07,   1.60217657e-07,   1.43882556e+00,
        -1.20463290e-01,   2.53680400e-01]), array([  9.61393522e-04,   5.16022333e-03,   4.39066132e-04,
         7.22267479e-07,   1.60217657e-07,   1.44163458e+00,
        -1.20463290e-01,   2.53680401e-01]), array([  9.71351787e-04,   5.15939202e-03,   4.40816754e-04,
         7.22267479e-07,   1.60217657e-07,   1.44444360e+00,
        -1.20463290e-01,   2.53680401e-01]), array([  9.81329437e-04,   5.15856072e-03,   4.42567377e-04,
         7.22267479e-07,   1.60217657e-07,   1.44725262e+00,
        -1.20463290e-01,   2.53680402e-01]), array([  9.91326472e-04,   5.15772941e-03,   4.44317999e-04,
         7.22267479e-07,   1.60217657e-07,   1.45006164e+00,
        -1.20463290e-01,   2.53680402e-01])]], [[array([  0.00000000e+00,   9.75000537e-03,   9.74999893e-03,
         7.22267479e-07,   1.60217657e-07,   6.41716225e-01,
         8.54295299e-02,   8.24386099e-02]), array([  4.43811068e-06,   9.75059491e-03,   9.75056783e-03,
         7.22267479e-07,   1.60217657e-07,   6.44525291e-01,
         8.54295290e-02,   8.24386090e-02]), array([  8.89560644e-06,   9.75118445e-03,   9.75113673e-03,
         7.22267479e-07,   1.60217657e-07,   6.47334355e-01,
         8.54295280e-02,   8.24386080e-02]), array([  1.33724873e-05,   9.75177399e-03,   9.75170563e-03,
         7.22267479e-07,   1.60217657e-07,   6.50143420e-01,
         8.54295269e-02,   8.24386069e-02]), array([  1.78687532e-05,   9.75236353e-03,   9.75227453e-03,
         7.22267479e-07,   1.60217657e-07,   6.52952484e-01,
         8.54295258e-02,   8.24386058e-02]), array([  2.23844041e-05,   9.75295307e-03,   9.75284343e-03,
         7.22267479e-07,   1.60217657e-07,   6.55761547e-01,
         8.54295246e-02,   8.24386046e-02]), array([  2.69194401e-05,   9.75354261e-03,   9.75341233e-03,
         7.22267479e-07,   1.60217657e-07,   6.58570610e-01,
         8.54295234e-02,   8.24386034e-02]), array([  3.14738612e-05,   9.75413215e-03,   9.75398123e-03,
         7.22267479e-07,   1.60217657e-07,   6.61379673e-01,
         8.54295221e-02,   8.24386021e-02]), array([  3.60476673e-05,   9.75472169e-03,   9.75455013e-03,
         7.22267479e-07,   1.60217657e-07,   6.64188735e-01,
         8.54295207e-02,   8.24386007e-02]), array([  4.06408585e-05,   9.75531123e-03,   9.75511903e-03,
         7.22267479e-07,   1.60217657e-07,   6.66997797e-01,
         8.54295192e-02,   8.24385992e-02]), array([  4.52534347e-05,   9.75590077e-03,   9.75568793e-03,
         7.22267479e-07,   1.60217657e-07,   6.69806858e-01,
         8.54295177e-02,   8.24385977e-02]), array([  4.98853959e-05,   9.75649031e-03,   9.75625683e-03,
         7.22267479e-07,   1.60217657e-07,   6.72615919e-01,
         8.54295161e-02,   8.24385961e-02]), array([  5.45367422e-05,   9.75707986e-03,   9.75682573e-03,
         7.22267479e-07,   1.60217657e-07,   6.75424980e-01,
         8.54295144e-02,   8.24385944e-02]), array([  5.92074736e-05,   9.75766940e-03,   9.75739463e-03,
         7.22267479e-07,   1.60217657e-07,   6.78234040e-01,
         8.54295127e-02,   8.24385927e-02]), array([  6.38975900e-05,   9.75825894e-03,   9.75796353e-03,
         7.22267479e-07,   1.60217657e-07,   6.81043099e-01,
         8.54295109e-02,   8.24385909e-02]), array([  6.86070914e-05,   9.75884848e-03,   9.75853243e-03,
         7.22267479e-07,   1.60217657e-07,   6.83852159e-01,
         8.54295090e-02,   8.24385890e-02]), array([  7.33359778e-05,   9.75943802e-03,   9.75910133e-03,
         7.22267479e-07,   1.60217657e-07,   6.86661217e-01,
         8.54295071e-02,   8.24385871e-02]), array([  7.80842492e-05,   9.76002756e-03,   9.75967023e-03,
         7.22267479e-07,   1.60217657e-07,   6.89470275e-01,
         8.54295051e-02,   8.24385851e-02]), array([  8.28519057e-05,   9.76061710e-03,   9.76023913e-03,
         7.22267479e-07,   1.60217657e-07,   6.92279333e-01,
         8.54295031e-02,   8.24385831e-02]), array([  8.76389472e-05,   9.76120664e-03,   9.76080804e-03,
         7.22267479e-07,   1.60217657e-07,   6.95088391e-01,
         8.54295010e-02,   8.24385810e-02]), array([  9.24453737e-05,   9.76179618e-03,   9.76137694e-03,
         7.22267479e-07,   1.60217657e-07,   6.97897447e-01,
         8.54294988e-02,   8.24385789e-02]), array([  9.72711853e-05,   9.76238572e-03,   9.76194584e-03,
         7.22267479e-07,   1.60217657e-07,   7.00706504e-01,
         8.54294966e-02,   8.24385766e-02]), array([  1.02116382e-04,   9.76297526e-03,   9.76251474e-03,
         7.22267479e-07,   1.60217657e-07,   7.03515560e-01,
         8.54294943e-02,   8.24385743e-02]), array([  1.06980963e-04,   9.76356480e-03,   9.76308364e-03,
         7.22267479e-07,   1.60217657e-07,   7.06324615e-01,
         8.54294919e-02,   8.24385719e-02]), array([  1.11864930e-04,   9.76415434e-03,   9.76365254e-03,
         7.22267479e-07,   1.60217657e-07,   7.09133671e-01,
         8.54294894e-02,   8.24385694e-02]), array([  1.16768281e-04,   9.76474388e-03,   9.76422144e-03,
         7.22267479e-07,   1.60217657e-07,   7.11942725e-01,
         8.54294869e-02,   8.24385669e-02]), array([  1.21691018e-04,   9.76533342e-03,   9.76479034e-03,
         7.22267479e-07,   1.60217657e-07,   7.14751780e-01,
         8.54294843e-02,   8.24385644e-02]), array([  1.26633140e-04,   9.76592296e-03,   9.76535924e-03,
         7.22267479e-07,   1.60217657e-07,   7.17560834e-01,
         8.54294817e-02,   8.24385617e-02]), array([  1.31594646e-04,   9.76651250e-03,   9.76592814e-03,
         7.22267479e-07,   1.60217657e-07,   7.20369888e-01,
         8.54294790e-02,   8.24385591e-02]), array([  1.36575538e-04,   9.76710204e-03,   9.76649704e-03,
         7.22267479e-07,   1.60217657e-07,   7.23178941e-01,
         8.54294763e-02,   8.24385563e-02]), array([  1.41575814e-04,   9.76769158e-03,   9.76706594e-03,
         7.22267479e-07,   1.60217657e-07,   7.25987994e-01,
         8.54294734e-02,   8.24385535e-02]), array([  1.46595476e-04,   9.76828112e-03,   9.76763484e-03,
         7.22267479e-07,   1.60217657e-07,   7.28797047e-01,
         8.54294706e-02,   8.24385507e-02]), array([  1.51634522e-04,   9.76887066e-03,   9.76820374e-03,
         7.22267479e-07,   1.60217657e-07,   7.31606099e-01,
         8.54294677e-02,   8.24385478e-02]), array([  1.56692954e-04,   9.76946020e-03,   9.76877264e-03,
         7.22267479e-07,   1.60217657e-07,   7.34415151e-01,
         8.54294647e-02,   8.24385448e-02]), array([  1.61770770e-04,   9.77004974e-03,   9.76934154e-03,
         7.22267479e-07,   1.60217657e-07,   7.37224203e-01,
         8.54294617e-02,   8.24385418e-02]), array([  1.66867972e-04,   9.77063928e-03,   9.76991044e-03,
         7.22267479e-07,   1.60217657e-07,   7.40033254e-01,
         8.54294586e-02,   8.24385387e-02]), array([  1.71984558e-04,   9.77122882e-03,   9.77047934e-03,
         7.22267479e-07,   1.60217657e-07,   7.42842305e-01,
         8.54294555e-02,   8.24385356e-02]), array([  1.77120529e-04,   9.77181836e-03,   9.77104824e-03,
         7.22267479e-07,   1.60217657e-07,   7.45651355e-01,
         8.54294523e-02,   8.24385324e-02]), array([  1.82275886e-04,   9.77240790e-03,   9.77161714e-03,
         7.22267479e-07,   1.60217657e-07,   7.48460406e-01,
         8.54294491e-02,   8.24385292e-02]), array([  1.87450627e-04,   9.77299744e-03,   9.77218604e-03,
         7.22267479e-07,   1.60217657e-07,   7.51269455e-01,
         8.54294458e-02,   8.24385259e-02]), array([  1.92644753e-04,   9.77358698e-03,   9.77275494e-03,
         7.22267479e-07,   1.60217657e-07,   7.54078505e-01,
         8.54294425e-02,   8.24385226e-02]), array([  1.97858265e-04,   9.77417652e-03,   9.77332384e-03,
         7.22267479e-07,   1.60217657e-07,   7.56887554e-01,
         8.54294391e-02,   8.24385192e-02]), array([  2.03091161e-04,   9.77476606e-03,   9.77389274e-03,
         7.22267479e-07,   1.60217657e-07,   7.59696602e-01,
         8.54294357e-02,   8.24385158e-02]), array([  2.08343442e-04,   9.77535560e-03,   9.77446164e-03,
         7.22267479e-07,   1.60217657e-07,   7.62505651e-01,
         8.54294322e-02,   8.24385124e-02]), array([  2.13615108e-04,   9.77594514e-03,   9.77503053e-03,
         7.22267479e-07,   1.60217657e-07,   7.65314698e-01,
         8.54294287e-02,   8.24385089e-02]), array([  2.18906159e-04,   9.77653468e-03,   9.77559943e-03,
         7.22267479e-07,   1.60217657e-07,   7.68123746e-01,
         8.54294251e-02,   8.24385053e-02]), array([  2.24216595e-04,   9.77712422e-03,   9.77616833e-03,
         7.22267479e-07,   1.60217657e-07,   7.70932792e-01,
         8.54294216e-02,   8.24385018e-02]), array([  2.29546416e-04,   9.77771376e-03,   9.77673723e-03,
         7.22267479e-07,   1.60217657e-07,   7.73741838e-01,
         8.54294179e-02,   8.24384981e-02]), array([  2.34895622e-04,   9.77830330e-03,   9.77730613e-03,
         7.22267479e-07,   1.60217657e-07,   7.76550884e-01,
         8.54294143e-02,   8.24384945e-02]), array([  2.40264213e-04,   9.77889284e-03,   9.77787503e-03,
         7.22267479e-07,   1.60217657e-07,   7.79359929e-01,
         8.54294106e-02,   8.24384908e-02]), array([  2.45652189e-04,   9.77948238e-03,   9.77844393e-03,
         7.22267479e-07,   1.60217657e-07,   7.82168974e-01,
         8.54294068e-02,   8.24384871e-02]), array([  2.51059549e-04,   9.78007192e-03,   9.77901283e-03,
         7.22267479e-07,   1.60217657e-07,   7.84978018e-01,
         8.54294031e-02,   8.24384833e-02]), array([  2.56486295e-04,   9.78066146e-03,   9.77958173e-03,
         7.22267479e-07,   1.60217657e-07,   7.87787062e-01,
         8.54293994e-02,   8.24384797e-02]), array([  2.61932425e-04,   9.78125099e-03,   9.78015063e-03,
         7.22267479e-07,   1.60217657e-07,   7.90596105e-01,
         8.54293957e-02,   8.24384759e-02]), array([  2.67397941e-04,   9.78184053e-03,   9.78071953e-03,
         7.22267479e-07,   1.60217657e-07,   7.93405147e-01,
         8.54293919e-02,   8.24384722e-02]), array([  2.72882841e-04,   9.78243007e-03,   9.78128843e-03,
         7.22267479e-07,   1.60217657e-07,   7.96214189e-01,
         8.54293881e-02,   8.24384684e-02]), array([  2.78387126e-04,   9.78301961e-03,   9.78185733e-03,
         7.22267479e-07,   1.60217657e-07,   7.99023230e-01,
         8.54293843e-02,   8.24384646e-02]), array([  2.83910797e-04,   9.78360915e-03,   9.78242623e-03,
         7.22267479e-07,   1.60217657e-07,   8.01832271e-01,
         8.54293805e-02,   8.24384608e-02]), array([  2.89453852e-04,   9.78419869e-03,   9.78299513e-03,
         7.22267479e-07,   1.60217657e-07,   8.04641311e-01,
         8.54293766e-02,   8.24384570e-02]), array([  2.95016292e-04,   9.78478823e-03,   9.78356403e-03,
         7.22267479e-07,   1.60217657e-07,   8.07450350e-01,
         8.54293727e-02,   8.24384531e-02]), array([  3.00598117e-04,   9.78537777e-03,   9.78413293e-03,
         7.22267479e-07,   1.60217657e-07,   8.10259389e-01,
         8.54293688e-02,   8.24384492e-02]), array([  3.06199326e-04,   9.78596731e-03,   9.78470183e-03,
         7.22267479e-07,   1.60217657e-07,   8.13068427e-01,
         8.54293648e-02,   8.24384452e-02]), array([  3.11819921e-04,   9.78655685e-03,   9.78527073e-03,
         7.22267479e-07,   1.60217657e-07,   8.15877465e-01,
         8.54293609e-02,   8.24384413e-02]), array([  3.17459900e-04,   9.78714639e-03,   9.78583963e-03,
         7.22267479e-07,   1.60217657e-07,   8.18686502e-01,
         8.54293569e-02,   8.24384373e-02]), array([  3.23119265e-04,   9.78773593e-03,   9.78640852e-03,
         7.22267479e-07,   1.60217657e-07,   8.21495539e-01,
         8.54293529e-02,   8.24384333e-02]), array([  3.28798014e-04,   9.78832547e-03,   9.78697742e-03,
         7.22267479e-07,   1.60217657e-07,   8.24304575e-01,
         8.54293488e-02,   8.24384293e-02]), array([  3.34496148e-04,   9.78891501e-03,   9.78754632e-03,
         7.22267479e-07,   1.60217657e-07,   8.27113611e-01,
         8.54293448e-02,   8.24384252e-02]), array([  3.40213667e-04,   9.78950455e-03,   9.78811522e-03,
         7.22267479e-07,   1.60217657e-07,   8.29922646e-01,
         8.54293407e-02,   8.24384212e-02]), array([  3.45950571e-04,   9.79009408e-03,   9.78868412e-03,
         7.22267479e-07,   1.60217657e-07,   8.32731681e-01,
         8.54293366e-02,   8.24384171e-02]), array([  3.51706860e-04,   9.79068362e-03,   9.78925302e-03,
         7.22267479e-07,   1.60217657e-07,   8.35540716e-01,
         8.54293324e-02,   8.24384130e-02]), array([  3.57482533e-04,   9.79127316e-03,   9.78982192e-03,
         7.22267479e-07,   1.60217657e-07,   8.38349750e-01,
         8.54293283e-02,   8.24384088e-02]), array([  3.63277592e-04,   9.79186270e-03,   9.79039082e-03,
         7.22267479e-07,   1.60217657e-07,   8.41158784e-01,
         8.54293241e-02,   8.24384047e-02]), array([  3.69092035e-04,   9.79245224e-03,   9.79095972e-03,
         7.22267479e-07,   1.60217657e-07,   8.43967818e-01,
         8.54293199e-02,   8.24384005e-02]), array([  3.74925863e-04,   9.79304178e-03,   9.79152862e-03,
         7.22267479e-07,   1.60217657e-07,   8.46776852e-01,
         8.54293158e-02,   8.24383964e-02]), array([  3.80779076e-04,   9.79363132e-03,   9.79209751e-03,
         7.22267479e-07,   1.60217657e-07,   8.49585886e-01,
         8.54293116e-02,   8.24383922e-02]), array([  3.86651674e-04,   9.79422086e-03,   9.79266641e-03,
         7.22267479e-07,   1.60217657e-07,   8.52394919e-01,
         8.54293073e-02,   8.24383880e-02]), array([  3.92543657e-04,   9.79481040e-03,   9.79323531e-03,
         7.22267479e-07,   1.60217657e-07,   8.55203953e-01,
         8.54293031e-02,   8.24383838e-02]), array([  3.98455025e-04,   9.79539994e-03,   9.79380421e-03,
         7.22267479e-07,   1.60217657e-07,   8.58012986e-01,
         8.54292989e-02,   8.24383796e-02]), array([  4.04385777e-04,   9.79598947e-03,   9.79437311e-03,
         7.22267479e-07,   1.60217657e-07,   8.60822019e-01,
         8.54292947e-02,   8.24383754e-02]), array([  4.10335914e-04,   9.79657901e-03,   9.79494201e-03,
         7.22267479e-07,   1.60217657e-07,   8.63631052e-01,
         8.54292904e-02,   8.24383711e-02]), array([  4.16305436e-04,   9.79716855e-03,   9.79551091e-03,
         7.22267479e-07,   1.60217657e-07,   8.66440086e-01,
         8.54292862e-02,   8.24383669e-02]), array([  4.22294343e-04,   9.79775809e-03,   9.79607981e-03,
         7.22267479e-07,   1.60217657e-07,   8.69249119e-01,
         8.54292819e-02,   8.24383627e-02]), array([  4.28302635e-04,   9.79834763e-03,   9.79664871e-03,
         7.22267479e-07,   1.60217657e-07,   8.72058152e-01,
         8.54292776e-02,   8.24383584e-02]), array([  4.34330312e-04,   9.79893717e-03,   9.79721760e-03,
         7.22267479e-07,   1.60217657e-07,   8.74867184e-01,
         8.54292734e-02,   8.24383541e-02]), array([  4.40377373e-04,   9.79952671e-03,   9.79778650e-03,
         7.22267479e-07,   1.60217657e-07,   8.77676217e-01,
         8.54292691e-02,   8.24383499e-02]), array([  4.46443820e-04,   9.80011625e-03,   9.79835540e-03,
         7.22267479e-07,   1.60217657e-07,   8.80485250e-01,
         8.54292648e-02,   8.24383456e-02]), array([  4.52529651e-04,   9.80070578e-03,   9.79892430e-03,
         7.22267479e-07,   1.60217657e-07,   8.83294283e-01,
         8.54292605e-02,   8.24383413e-02]), array([  4.58634867e-04,   9.80129532e-03,   9.79949320e-03,
         7.22267479e-07,   1.60217657e-07,   8.86103316e-01,
         8.54292562e-02,   8.24383370e-02]), array([  4.64759468e-04,   9.80188486e-03,   9.80006210e-03,
         7.22267479e-07,   1.60217657e-07,   8.88912348e-01,
         8.54292519e-02,   8.24383327e-02]), array([  4.70903454e-04,   9.80247440e-03,   9.80063100e-03,
         7.22267479e-07,   1.60217657e-07,   8.91721381e-01,
         8.54292476e-02,   8.24383285e-02]), array([  4.77066825e-04,   9.80306394e-03,   9.80119989e-03,
         7.22267479e-07,   1.60217657e-07,   8.94530414e-01,
         8.54292433e-02,   8.24383242e-02]), array([  4.83249580e-04,   9.80365348e-03,   9.80176879e-03,
         7.22267479e-07,   1.60217657e-07,   8.97339447e-01,
         8.54292390e-02,   8.24383200e-02]), array([  4.89451720e-04,   9.80424302e-03,   9.80233769e-03,
         7.22267479e-07,   1.60217657e-07,   9.00148480e-01,
         8.54292348e-02,   8.24383157e-02]), array([  4.95673245e-04,   9.80483255e-03,   9.80290659e-03,
         7.22267479e-07,   1.60217657e-07,   9.02957512e-01,
         8.54292305e-02,   8.24383115e-02]), array([  5.01914155e-04,   9.80542209e-03,   9.80347549e-03,
         7.22267479e-07,   1.60217657e-07,   9.05766545e-01,
         8.54292263e-02,   8.24383073e-02]), array([  5.08174450e-04,   9.80601163e-03,   9.80404439e-03,
         7.22267479e-07,   1.60217657e-07,   9.08575578e-01,
         8.54292221e-02,   8.24383031e-02]), array([  5.14454130e-04,   9.80660117e-03,   9.80461328e-03,
         7.22267479e-07,   1.60217657e-07,   9.11384611e-01,
         8.54292178e-02,   8.24382989e-02]), array([  5.20753195e-04,   9.80719071e-03,   9.80518218e-03,
         7.22267479e-07,   1.60217657e-07,   9.14193644e-01,
         8.54292137e-02,   8.24382947e-02]), array([  5.27071644e-04,   9.80778025e-03,   9.80575108e-03,
         7.22267479e-07,   1.60217657e-07,   9.17002676e-01,
         8.54292095e-02,   8.24382906e-02]), array([  5.33409478e-04,   9.80836978e-03,   9.80631998e-03,
         7.22267479e-07,   1.60217657e-07,   9.19811709e-01,
         8.54292054e-02,   8.24382865e-02]), array([  5.39766697e-04,   9.80895932e-03,   9.80688888e-03,
         7.22267479e-07,   1.60217657e-07,   9.22620742e-01,
         8.54292012e-02,   8.24382824e-02]), array([  5.46143301e-04,   9.80954886e-03,   9.80745777e-03,
         7.22267479e-07,   1.60217657e-07,   9.25429775e-01,
         8.54291971e-02,   8.24382783e-02]), array([  5.52539290e-04,   9.81013840e-03,   9.80802667e-03,
         7.22267479e-07,   1.60217657e-07,   9.28238808e-01,
         8.54291930e-02,   8.24382742e-02]), array([  5.58954664e-04,   9.81072794e-03,   9.80859557e-03,
         7.22267479e-07,   1.60217657e-07,   9.31047841e-01,
         8.54291890e-02,   8.24382702e-02]), array([  5.65389422e-04,   9.81131747e-03,   9.80916447e-03,
         7.22267479e-07,   1.60217657e-07,   9.33856874e-01,
         8.54291849e-02,   8.24382661e-02]), array([  5.71843566e-04,   9.81190701e-03,   9.80973337e-03,
         7.22267479e-07,   1.60217657e-07,   9.36665907e-01,
         8.54291809e-02,   8.24382621e-02]), array([  5.78317094e-04,   9.81249655e-03,   9.81030227e-03,
         7.22267479e-07,   1.60217657e-07,   9.39474939e-01,
         8.54291769e-02,   8.24382581e-02]), array([  5.84810007e-04,   9.81308609e-03,   9.81087116e-03,
         7.22267479e-07,   1.60217657e-07,   9.42283972e-01,
         8.54291729e-02,   8.24382541e-02]), array([  5.91322305e-04,   9.81367563e-03,   9.81144006e-03,
         7.22267479e-07,   1.60217657e-07,   9.45093004e-01,
         8.54291689e-02,   8.24382502e-02]), array([  5.97853988e-04,   9.81426516e-03,   9.81200896e-03,
         7.22267479e-07,   1.60217657e-07,   9.47902036e-01,
         8.54291649e-02,   8.24382462e-02]), array([  6.04405055e-04,   9.81485470e-03,   9.81257786e-03,
         7.22267479e-07,   1.60217657e-07,   9.50711068e-01,
         8.54291609e-02,   8.24382423e-02]), array([  6.10975508e-04,   9.81544424e-03,   9.81314675e-03,
         7.22267479e-07,   1.60217657e-07,   9.53520100e-01,
         8.54291570e-02,   8.24382384e-02])]]]
