199.62136912345886
67.44427299499512
514=514
203.522686958313
43.96383547782898
508=508
205.02623224258423
43.502350091934204
538=538
202.08791589736938
43.52465105056763
540=540
202.83606457710266
43.309558153152466
509=509
203.51517415046692
44.86677145957947
469=469
207.21584057807922
43.863311767578125
490=490
204.53750801086426
43.14153838157654
546=546
201.7038769721985
43.56157875061035
551=551
201.13795018196106
43.43980932235718
511=511
207.9304392337799
50.29489803314209
482=482
209.30058598518372
44.02616047859192
530=530
202.34646797180176
44.40862250328064
517=517
205.2101182937622
43.41730499267578
471=471
203.34765338897705
43.288957834243774
581=581
209.76695728302002
44.84790897369385
570=570
200.4319269657135
45.95526576042175
503=503
200.20480155944824
43.37159490585327
521=521
202.94191145896912
43.34006953239441
529=529
203.1426112651825
43.24459528923035
526=526
200.70269012451172
44.53895878791809
540=540
201.87748837471008
43.60397815704346
521=521
205.6635947227478
43.20968437194824
528=528
201.84684538841248
43.05476665496826
513=513
199.11565136909485
43.016584634780884
533=533
204.98114919662476
44.89162826538086
523=523
202.905748128891
46.20333242416382
540=540
209.0367739200592
43.22046971321106
514=514
211.1272587776184
43.47160339355469
536=536
210.1776247024536
43.55243897438049
537=537
213.12668085098267
44.9862642288208
550=550
212.743239402771
43.95841836929321
486=486
209.49370908737183
43.29726195335388
508=508
210.30981421470642
43.43044924736023
546=546
212.87426924705505
43.54080057144165
518=518
209.27659487724304
45.13830065727234
535=535
209.622709274292
44.47020125389099
571=571
215.43502736091614
56.586493492126465
523=523
191.60290002822876
42.73495054244995
474=474
186.3376293182373
43.587897062301636
566=566
189.14018845558167
48.27399468421936
532=532
195.1373748779297
43.468488454818726
509=509
198.52035546302795
42.934502840042114
497=497
196.31884598731995
42.69923162460327
560=560
195.10174751281738
42.76294255256653
494=494
191.66271138191223
44.335087299346924
536=536
188.1946737766266
22.56169891357422
536=536
114.28344774246216
33.891725063323975
519=519
189.54593873023987
42.858564615249634
503=503
194.07699704170227
43.402358055114746
545=545
