201.34824299812317
39.7316358089447
552=552
174.56166553497314
35.5764000415802
527=527
200.2969994544983
34.986117124557495
502=501
198.51364827156067
35.152135610580444
554=554
200.0075557231903
35.17600226402283
524=524
200.2766933441162
36.613972187042236
520=520
199.17331075668335
35.53342318534851
556=556
197.6742434501648
34.943023681640625
483=483
201.0875198841095
35.17191433906555
499=498
199.9286720752716
35.09167265892029
539=539
199.17158889770508
36.62279415130615
570=569
203.65369749069214
41.662264347076416
489=488
199.1008496284485
35.19326591491699
529=529
199.2289469242096
49.95372653007507
473=473
186.81773209571838
34.966286420822144
517=516
198.35631155967712
36.505595445632935
528=528
202.55577421188354
37.92085862159729
487=487
199.90051221847534
34.732741832733154
513=513
194.43434286117554
34.76617121696472
532=532
195.75097703933716
34.981173038482666
556=556
197.6007740497589
36.39913749694824
532=532
197.2925353050232
35.28109335899353
497=497
197.42669820785522
34.970361948013306
493=492
197.71442985534668
35.043614625930786
501=501
197.2183632850647
35.013216972351074
542=541
196.6802842617035
36.514057874679565
531=531
197.05318641662598
35.347286224365234
597=597
199.0154538154602
35.1397385597229
527=525
200.30935144424438
35.04682111740112
548=546
185.2304003238678
34.97727870941162
488=487
201.4534740447998
36.469852924346924
468=468
200.4202220439911
35.4363157749176
513=512
204.0845079421997
34.93881106376648
509=509
203.02652382850647
34.92106294631958
531=530
201.25294494628906
35.040268898010254
526=526
201.83826231956482
36.51550602912903
499=498
199.93905329704285
35.43100118637085
556=556
202.9816813468933
34.98579025268555
554=552
200.63975882530212
34.99157452583313
491=490
201.93945932388306
35.21782207489014
532=531
203.77765607833862
41.27007222175598
535=535
183.79590106010437
35.17587351799011
498=498
209.34770965576172
34.776328325271606
477=476
205.4489312171936
34.17244338989258
556=554
197.0211625099182
35.82137322425842
523=522
198.14895009994507
36.219420194625854
521=520
199.09386658668518
35.21738386154175
555=555
197.88328075408936
34.734403133392334
513=513
200.28665781021118
34.68307709693909
560=560
194.73970413208008
34.70263075828552
573=573
