Particle distribution
Calc charge in cells
Establishing method
Crashing
time = 1 
Calc charge in cells
Establishing method
Crashing
time = 2 
Calc charge in cells
Establishing method
Crashing
time = 3 
Calc charge in cells
Establishing method
Crashing
time = 4 
Calc charge in cells
Establishing method
Crashing
time = 5 
Calc charge in cells
Establishing method
Crashing
time = 6 
Calc charge in cells
Establishing method
Crashing
time = 7 
Calc charge in cells
Establishing method
Crashing
time = 8 
Calc charge in cells
Establishing method
Crashing
time = 9 
Calc charge in cells
Establishing method
Crashing
time = 10 
Calc charge in cells
Establishing method
Crashing
time = 11 
Calc charge in cells
Establishing method
Crashing
E1 = 1.6593721118424418e-07 E2 = 8.904182035204954e-08 sum = 2.549790315362937e-07
E1 = 8.904182035204954e-08 E2 = 1.6593721118424418e-07 sum = 2.549790315362937e-07
time = 12 
Calc charge in cells
Establishing method
Crashing
E1 = 1.1816972946712954e-08 E2 = 1.541767779180956e-08 sum = 2.7234650738522514e-08
E1 = 1.541767779180956e-08 E2 = 1.1816972946712954e-08 sum = 2.7234650738522514e-08
time = 13 
Calc charge in cells
Establishing method
Crashing
E1 = 6.77468409166854e-08 E2 = 1.9907624326063255e-07 sum = 2.6682308417731795e-07
E1 = 1.9907624326063255e-07 E2 = 6.77468409166854e-08 sum = 2.6682308417731795e-07
E1 = 1.3336738428926388e-08 E2 = 1.715578135703302e-08 sum = 3.0492519785959406e-08
E1 = 1.715578135703302e-08 E2 = 1.3336738428926388e-08 sum = 3.0492519785959406e-08
time = 14 
Calc charge in cells
Establishing method
Crashing
E1 = 6.280164815313505e-08 E2 = 1.1894480905319599e-07 sum = 1.8174645720633104e-07
E1 = 1.1894480905319599e-07 E2 = 6.280164815313505e-08 sum = 1.8174645720633104e-07
E1 = 6.280164815313505e-08 E2 = 1.1894480905319599e-07 sum = 1.8174645720633104e-07
E1 = 1.1894480905319599e-07 E2 = 6.280164815313505e-08 sum = 1.8174645720633104e-07
E1 = 9.485908830697671e-08 E2 = 5.043203625903341e-08 sum = 1.4529112456601013e-07
E1 = 5.043203625903341e-08 E2 = 9.485908830697671e-08 sum = 1.4529112456601013e-07
E1 = 1.4953828130035106e-08 E2 = 1.8991208416578795e-08 sum = 3.39450365466139e-08
E1 = 1.8991208416578795e-08 E2 = 1.4953828130035106e-08 sum = 3.39450365466139e-08
time = 15 
Calc charge in cells
Establishing method
Crashing
E1 = 6.901768880772465e-08 E2 = 2.0240852520134264e-08 sum = 8.925854132785891e-08
E1 = 2.0240852520134264e-08 E2 = 6.901768880772465e-08 sum = 8.925854132785891e-08
E1 = 6.901768880772465e-08 E2 = 2.0240852520134264e-08 sum = 8.925854132785891e-08
E1 = 2.0240852520134264e-08 E2 = 6.901768880772465e-08 sum = 8.925854132785891e-08
E1 = 6.901768880772465e-08 E2 = 2.0240852520134264e-08 sum = 8.925854132785891e-08
E1 = 2.0240852520134264e-08 E2 = 6.901768880772465e-08 sum = 8.925854132785891e-08
E1 = 9.945852448045685e-09 E2 = 1.9134584838143464e-08 sum = 2.908043728618915e-08
E1 = 1.9134584838143464e-08 E2 = 9.945852448045685e-09 sum = 2.908043728618915e-08
E1 = 9.945852448045685e-09 E2 = 1.9134584838143464e-08 sum = 2.908043728618915e-08
E1 = 1.9134584838143464e-08 E2 = 9.945852448045685e-09 sum = 2.908043728618915e-08
E1 = 1.0996847204442485e-07 E2 = 4.887016393201691e-08 sum = 1.5883863597644178e-07
E1 = 4.887016393201691e-08 E2 = 1.0996847204442485e-07 sum = 1.5883863597644178e-07
time = 16 
Calc charge in cells
Establishing method
Crashing
E1 = 4.165059293191218e-09 E2 = 3.1016138532972224e-08 sum = 3.518119782616344e-08
E1 = 3.1016138532972224e-08 E2 = 4.165059293191218e-09 sum = 3.518119782616344e-08
E1 = 1.015478232928657e-07 E2 = 3.8085172419864897e-08 sum = 1.396329957127306e-07
E1 = 3.8085172419864897e-08 E2 = 1.015478232928657e-07 sum = 1.396329957127306e-07
E1 = 4.165059293191218e-09 E2 = 3.1016138532972224e-08 sum = 3.518119782616344e-08
E1 = 3.1016138532972224e-08 E2 = 4.165059293191218e-09 sum = 3.518119782616344e-08
E1 = 1.015478232928657e-07 E2 = 3.8085172419864897e-08 sum = 1.396329957127306e-07
E1 = 3.8085172419864897e-08 E2 = 1.015478232928657e-07 sum = 1.396329957127306e-07
E1 = 9.470812049806277e-08 E2 = 1.1903853904372225e-08 sum = 1.06611974402435e-07
E1 = 1.1903853904372225e-08 E2 = 9.470812049806277e-08 sum = 1.06611974402435e-07
time = 17 
Calc charge in cells
Establishing method
Crashing
E1 = 4.231788742807625e-08 E2 = 4.235102969350112e-09 sum = 4.655299039742637e-08
E1 = 4.235102969350112e-09 E2 = 4.231788742807625e-08 sum = 4.655299039742637e-08
E1 = 1.6065849553031078e-08 E2 = 2.554923558052927e-08 sum = 4.161508513356035e-08
E1 = 2.554923558052927e-08 E2 = 1.6065849553031078e-08 sum = 4.161508513356035e-08
E1 = 1.6065849553031078e-08 E2 = 2.554923558052927e-08 sum = 4.161508513356035e-08
E1 = 2.554923558052927e-08 E2 = 1.6065849553031078e-08 sum = 4.161508513356035e-08
E1 = 6.064282549839442e-08 E2 = 1.3022940435456266e-08 sum = 7.366576593385069e-08
E1 = 1.3022940435456266e-08 E2 = 6.064282549839442e-08 sum = 7.366576593385069e-08
E1 = 3.667409918673652e-08 E2 = 2.4864419383314134e-07 sum = 2.8531829301987787e-07
E1 = 2.4864419383314134e-07 E2 = 3.667409918673652e-08 sum = 2.8531829301987787e-07
time = 18 
Calc charge in cells
Establishing method
Crashing
E1 = 8.390396453098792e-08 E2 = 3.440249180150506e-08 sum = 1.1830645633249298e-07
E1 = 3.440249180150506e-08 E2 = 8.390396453098792e-08 sum = 1.1830645633249298e-07
E1 = 4.875664477324754e-08 E2 = 4.225494948741022e-08 sum = 9.101159426065776e-08
E1 = 4.225494948741022e-08 E2 = 4.875664477324754e-08 sum = 9.101159426065776e-08
E1 = 3.652057013937743e-08 E2 = 9.1131585375351e-08 sum = 1.2765215551472844e-07
E1 = 9.1131585375351e-08 E2 = 3.652057013937743e-08 sum = 1.2765215551472844e-07
E1 = 4.875664477324754e-08 E2 = 4.225494948741022e-08 sum = 9.101159426065776e-08
E1 = 4.225494948741022e-08 E2 = 4.875664477324754e-08 sum = 9.101159426065776e-08
E1 = 3.652057013937743e-08 E2 = 9.1131585375351e-08 sum = 1.2765215551472844e-07
E1 = 9.1131585375351e-08 E2 = 3.652057013937743e-08 sum = 1.2765215551472844e-07
E1 = 9.822950493904624e-08 E2 = 2.8917773817777847e-08 sum = 1.271472787568241e-07
E1 = 2.8917773817777847e-08 E2 = 9.822950493904624e-08 sum = 1.271472787568241e-07
E1 = 1.7813574088878776e-08 E2 = 2.7819497290439053e-08 sum = 4.563307137931783e-08
E1 = 2.7819497290439053e-08 E2 = 1.7813574088878776e-08 sum = 4.563307137931783e-08
E1 = 2.2900566146048877e-08 E2 = 3.896967679977045e-08 sum = 6.187024294581932e-08
E1 = 3.896967679977045e-08 E2 = 2.2900566146048877e-08 sum = 6.187024294581932e-08
E1 = 4.92659316825254e-08 E2 = 1.6297301581901176e-08 sum = 6.556323326442657e-08
E1 = 1.6297301581901176e-08 E2 = 4.92659316825254e-08 sum = 6.556323326442657e-08
time = 19 
Calc charge in cells
Establishing method
Crashing
E1 = 1.528118584944487e-08 E2 = 3.966468399933082e-08 sum = 5.494586984877569e-08
E1 = 3.966468399933082e-08 E2 = 1.528118584944487e-08 sum = 5.494586984877569e-08
E1 = 2.8717314449457075e-08 E2 = 1.8210212151779874e-08 sum = 4.692752660123695e-08
E1 = 1.8210212151779874e-08 E2 = 2.8717314449457075e-08 sum = 4.692752660123695e-08
time = 20 
Calc charge in cells
Establishing method
Crashing
E1 = 3.502873538209151e-08 E2 = 1.37337346074597e-08 sum = 4.876246998955121e-08
E1 = 1.37337346074597e-08 E2 = 3.502873538209151e-08 sum = 4.876246998955121e-08
E1 = 1.7927742437380692e-07 E2 = 2.899879245970507e-08 sum = 2.08276216833512e-07
E1 = 2.899879245970507e-08 E2 = 1.7927742437380692e-07 sum = 2.08276216833512e-07
E1 = 5.1335875109659433e-08 E2 = 8.505117897634583e-09 sum = 5.984099300729401e-08
E1 = 8.505117897634583e-09 E2 = 5.1335875109659433e-08 sum = 5.984099300729401e-08
E1 = 5.1335875109659433e-08 E2 = 8.505117897634583e-09 sum = 5.984099300729401e-08
E1 = 8.505117897634583e-09 E2 = 5.1335875109659433e-08 sum = 5.984099300729401e-08
E1 = 4.1282355009824235e-08 E2 = 1.5149325916885512e-07 sum = 1.9277561417867936e-07
E1 = 1.5149325916885512e-07 E2 = 4.1282355009824235e-08 sum = 1.9277561417867936e-07
E1 = 3.112986821320455e-08 E2 = 2.0141564189442068e-08 sum = 5.1271432402646616e-08
E1 = 2.0141564189442068e-08 E2 = 3.112986821320455e-08 sum = 5.1271432402646616e-08
time = 21 
Calc charge in cells
Establishing method
Crashing
E1 = 1.513570263096215e-08 E2 = 1.0458271670345135e-07 sum = 1.197184193344135e-07
E1 = 1.0458271670345135e-07 E2 = 1.513570263096215e-08 sum = 1.197184193344135e-07
E1 = 1.513570263096215e-08 E2 = 1.0458271670345135e-07 sum = 1.197184193344135e-07
E1 = 1.0458271670345135e-07 E2 = 1.513570263096215e-08 sum = 1.197184193344135e-07
E1 = 6.542571198875979e-08 E2 = 1.691397698498734e-08 sum = 8.233968897374713e-08
E1 = 1.691397698498734e-08 E2 = 6.542571198875979e-08 sum = 8.233968897374713e-08
E1 = 7.814951089288609e-08 E2 = 2.848724073751921e-08 sum = 1.066367516304053e-07
E1 = 2.848724073751921e-08 E2 = 7.814951089288609e-08 sum = 1.066367516304053e-07
E1 = 1.543980316568832e-07 E2 = 1.2587244687817439e-08 sum = 1.6698527634470064e-07
E1 = 1.2587244687817439e-08 E2 = 1.543980316568832e-07 sum = 1.6698527634470064e-07
E1 = 3.3639741786591914e-08 E2 = 2.2170238013864023e-08 sum = 5.580997980045594e-08
E1 = 2.2170238013864023e-08 E2 = 3.3639741786591914e-08 sum = 5.580997980045594e-08
time = 22 
Calc charge in cells
Establishing method
Crashing

E1 = 4.302907928238292e-08 E2 = 2.2545054206411751e-07 sum = 2.6847962134650046e-07
E1 = 2.2545054206411751e-07 E2 = 4.302907928238292e-08 sum = 2.6847962134650046e-07
E1 = 7.491585828204119e-08 E2 = 1.6244437130094136e-08 sum = 9.116029541213533e-08
E1 = 1.6244437130094136e-08 E2 = 7.491585828204119e-08 sum = 9.116029541213533e-08
E1 = 9.310718513953046e-08 E2 = 1.4603008005605933e-08 sum = 1.077101931451364e-07
E1 = 1.4603008005605933e-08 E2 = 9.310718513953046e-08 sum = 1.077101931451364e-07
E1 = 1.9550366300075395e-08 E2 = 9.874277641876428e-08 sum = 1.1829314271883967e-07
E1 = 9.874277641876428e-08 E2 = 1.9550366300075395e-08 sum = 1.1829314271883967e-07
E1 = 1.9550366300075395e-08 E2 = 9.874277641876428e-08 sum = 1.1829314271883967e-07
E1 = 9.874277641876428e-08 E2 = 1.9550366300075395e-08 sum = 1.1829314271883967e-07
E1 = 1.9550366300075395e-08 E2 = 9.874277641876428e-08 sum = 1.1829314271883967e-07
E1 = 9.874277641876428e-08 E2 = 1.9550366300075395e-08 sum = 1.1829314271883967e-07
E1 = 3.624693423089667e-08 E2 = 2.4296232868912883e-08 sum = 6.054316709980956e-08
E1 = 2.4296232868912883e-08 E2 = 3.624693423089667e-08 sum = 6.054316709980956e-08
time = 23 
Calc charge in cells
Establishing method
Crashing
E1 = 9.847697718555159e-08 E2 = 2.9238482096983676e-08 sum = 1.2771545928253528e-07
E1 = 2.9238482096983676e-08 E2 = 9.847697718555159e-08 sum = 1.2771545928253528e-07
E1 = 9.847697718555159e-08 E2 = 2.9238482096983676e-08 sum = 1.2771545928253528e-07
E1 = 2.9238482096983676e-08 E2 = 9.847697718555159e-08 sum = 1.2771545928253528e-07
E1 = 1.757281276897659e-07 E2 = 1.5139121186387787e-07 sum = 3.271193395536438e-07
E1 = 1.5139121186387787e-07 E2 = 1.757281276897659e-07 sum = 3.271193395536438e-07
E1 = 8.687582513462856e-08 E2 = 2.0652027305267723e-08 sum = 1.0752785243989628e-07
E1 = 2.0652027305267723e-08 E2 = 8.687582513462856e-08 sum = 1.0752785243989628e-07
E1 = 2.2051186428692447e-08 E2 = 1.904361676202979e-08 sum = 4.109480319072224e-08
E1 = 1.904361676202979e-08 E2 = 2.2051186428692447e-08 sum = 4.109480319072224e-08
E1 = 2.5080549764454947e-08 E2 = 3.499543214991069e-08 sum = 6.007598191436563e-08
E1 = 3.499543214991069e-08 E2 = 2.5080549764454947e-08 sum = 6.007598191436563e-08
time = 24 
Calc charge in cells
Establishing method
Crashing
E1 = 3.710016124044691e-08 E2 = 4.936375111919105e-08 sum = 8.646391235963796e-08
E1 = 4.936375111919105e-08 E2 = 3.710016124044691e-08 sum = 8.646391235963796e-08
E1 = 8.989211380878328e-08 E2 = 6.083337576553026e-08 sum = 1.5072548957431353e-07
E1 = 6.083337576553026e-08 E2 = 8.989211380878328e-08 sum = 1.5072548957431353e-07
E1 = 1.815915368696483e-07 E2 = 1.567416419508324e-07 sum = 3.3833317882048066e-07
E1 = 1.567416419508324e-07 E2 = 1.815915368696483e-07 sum = 3.3833317882048066e-07
E1 = 2.73311922654716e-08 E2 = 3.764485686485389e-08 sum = 6.497604913032549e-08
E1 = 3.764485686485389e-08 E2 = 2.73311922654716e-08 sum = 6.497604913032549e-08
time = 25 
Calc charge in cells
Establishing method
Crashing
E1 = 4.121164100644528e-08 E2 = 8.519407465821383e-09 sum = 4.973104847226666e-08
E1 = 8.519407465821383e-09 E2 = 4.121164100644528e-08 sum = 4.973104847226666e-08
E1 = 1.2461917875880338e-08 E2 = 9.459051808046165e-08 sum = 1.0705243595634198e-07
E1 = 9.459051808046165e-08 E2 = 1.2461917875880338e-08 sum = 1.0705243595634198e-07
E1 = 2.9679154632545584e-08 E2 = 4.039159990040232e-08 sum = 7.00707545329479e-08
E1 = 4.039159990040232e-08 E2 = 2.9679154632545584e-08 sum = 7.00707545329479e-08
time = 26 
Calc charge in cells
Establishing method
Crashing
E1 = 7.585940786596358e-08 E2 = 4.86756195781454e-08 sum = 1.2453502744410897e-07
E1 = 4.86756195781454e-08 E2 = 7.585940786596358e-08 sum = 1.2453502744410897e-07
time = 27 
Calc charge in cells
Establishing method
Crashing
E1 = 2.1899479605307856e-07 E2 = 8.025969993838816e-08 sum = 2.992544959914667e-07
E1 = 8.025969993838816e-08 E2 = 2.1899479605307856e-07 sum = 2.992544959914667e-07
time = 28 
Calc charge in cells
Establishing method
Crashing
E1 = 2.2554719220187362e-08 E2 = 9.902770985732537e-08 sum = 1.2158242907751273e-07
E1 = 9.902770985732537e-08 E2 = 2.2554719220187362e-08 sum = 1.2158242907751273e-07
time = 29 
Calc charge in cells
Establishing method
Crashing
E1 = 2.089738133561141e-09 E2 = 8.322938304945519e-08 sum = 8.531912118301633e-08
E1 = 8.322938304945519e-08 E2 = 2.089738133561141e-09 sum = 8.531912118301633e-08
time = 30 
Calc charge in cells
Establishing method
Crashing
time = 31 
Calc charge in cells
Establishing method
Crashing
time = 32 
Calc charge in cells
Establishing method
Crashing
E1 = 2.4795858410428766e-08 E2 = 1.4301627326380212e-08 sum = 3.909748573680898e-08
E1 = 1.4301627326380212e-08 E2 = 2.4795858410428766e-08 sum = 3.909748573680898e-08
E1 = 8.7113532509168e-08 E2 = 1.796255519551773e-08 sum = 1.0507608770468573e-07
E1 = 1.796255519551773e-08 E2 = 8.7113532509168e-08 sum = 1.0507608770468573e-07
time = 33 
Calc charge in cells
Establishing method
Crashing
E1 = 2.334023679213472e-08 E2 = 2.3720728541440047e-08 sum = 4.706096533357476e-08
E1 = 2.3720728541440047e-08 E2 = 2.334023679213472e-08 sum = 4.706096533357476e-08
E1 = 6.001234226932681e-08 E2 = 2.665739653247449e-07 sum = 3.265863075940717e-07
E1 = 2.665739653247449e-07 E2 = 6.001234226932681e-08 sum = 3.265863075940717e-07
E1 = 2.7017802261206797e-08 E2 = 1.601045647439532e-08 sum = 4.302825873560211e-08
E1 = 1.601045647439532e-08 E2 = 2.7017802261206797e-08 sum = 4.302825873560211e-08
E1 = 3.6821282478075024e-08 E2 = 1.388826486871232e-07 sum = 1.7570393116519822e-07
E1 = 1.388826486871232e-07 E2 = 3.6821282478075024e-08 sum = 1.7570393116519822e-07
time = 34 
Calc charge in cells
Establishing method
Crashing
E1 = 2.549332073505616e-08 E2 = 2.5915822571170325e-08 sum = 5.140914330622648e-08
E1 = 2.5915822571170325e-08 E2 = 2.549332073505616e-08 sum = 5.140914330622648e-08
E1 = 4.2292693617491894e-08 E2 = 2.2148421265160974e-07 sum = 2.637769062691016e-07
E1 = 2.2148421265160974e-07 E2 = 4.2292693617491894e-08 sum = 2.637769062691016e-07
time = 35 
Calc charge in cells
Establishing method
Crashing
E1 = 2.7743726078443763e-08 E2 = 2.820823780839056e-08 sum = 5.595196388683432e-08
E1 = 2.820823780839056e-08 E2 = 2.7743726078443763e-08 sum = 5.595196388683432e-08
time = 36 
Calc charge in cells
Establishing method
Crashing
E1 = 2.883830765026083e-08 E2 = 5.417681808155402e-08 sum = 8.301512573181485e-08
E1 = 5.417681808155402e-08 E2 = 2.883830765026083e-08 sum = 8.301512573181485e-08
E1 = 1.2665436469734277e-08 E2 = 1.6047389127908956e-08 sum = 2.8712825597643234e-08
E1 = 1.6047389127908956e-08 E2 = 1.2665436469734277e-08 sum = 2.8712825597643234e-08
E1 = 1.2665436469734277e-08 E2 = 1.6047389127908956e-08 sum = 2.8712825597643234e-08
E1 = 1.6047389127908956e-08 E2 = 1.2665436469734277e-08 sum = 2.8712825597643234e-08
E1 = 1.1659215073086098e-07 E2 = 1.814179727782173e-08 sum = 1.3473394800868271e-07
E1 = 1.814179727782173e-08 E2 = 1.1659215073086098e-07 sum = 1.3473394800868271e-07
E1 = 1.1659215073086098e-07 E2 = 1.814179727782173e-08 sum = 1.3473394800868271e-07
E1 = 1.814179727782173e-08 E2 = 1.1659215073086098e-07 sum = 1.3473394800868271e-07
E1 = 3.0091451964369135e-08 E2 = 3.059797339065621e-08 sum = 6.068942535502534e-08
E1 = 3.059797339065621e-08 E2 = 3.0091451964369135e-08 sum = 6.068942535502534e-08
time = 37 
Calc charge in cells
Establishing method
Crashing
E1 = 6.738956949910908e-08 E2 = 2.0478112525998112e-08 sum = 8.786768202510718e-08
E1 = 2.0478112525998112e-08 E2 = 6.738956949910908e-08 sum = 8.786768202510718e-08
E1 = 6.738956949910908e-08 E2 = 2.0478112525998112e-08 sum = 8.786768202510718e-08
E1 = 2.0478112525998112e-08 E2 = 6.738956949910908e-08 sum = 8.786768202510718e-08
E1 = 1.4274174293755984e-08 E2 = 1.7849542773725608e-08 sum = 3.212371706748159e-08
E1 = 1.7849542773725608e-08 E2 = 1.4274174293755984e-08 sum = 3.212371706748159e-08
time = 38 
Calc charge in cells
Establishing method
Crashing
E1 = 5.230182157119164e-08 E2 = 8.008518331966737e-09 sum = 6.031033990315837e-08
E1 = 8.008518331966737e-09 E2 = 5.230182157119164e-08 sum = 6.031033990315837e-08
E1 = 5.230182157119164e-08 E2 = 8.008518331966737e-09 sum = 6.031033990315837e-08
E1 = 8.008518331966737e-09 E2 = 5.230182157119164e-08 sum = 6.031033990315837e-08
E1 = 5.230182157119164e-08 E2 = 8.008518331966737e-09 sum = 6.031033990315837e-08
E1 = 8.008518331966737e-09 E2 = 5.230182157119164e-08 sum = 6.031033990315837e-08
E1 = 7.06010292318057e-09 E2 = 5.551697994672532e-08 sum = 6.257708286990589e-08
E1 = 5.551697994672532e-08 E2 = 7.06010292318057e-09 sum = 6.257708286990589e-08
E1 = 7.06010292318057e-09 E2 = 5.551697994672532e-08 sum = 6.257708286990589e-08
E1 = 5.551697994672532e-08 E2 = 7.06010292318057e-09 sum = 6.257708286990589e-08
E1 = 1.5980236052632507e-08 E2 = 1.9749019683675258e-08 sum = 3.572925573630777e-08
E1 = 1.9749019683675258e-08 E2 = 1.5980236052632507e-08 sum = 3.572925573630777e-08
time = 39 
Calc charge in cells
Establishing method
Crashing
E1 = 3.198169574794213e-08 E2 = 7.268939805420649e-08 sum = 1.0467109380214862e-07
E1 = 7.268939805420649e-08 E2 = 3.198169574794213e-08 sum = 1.0467109380214862e-07
E1 = 3.198169574794213e-08 E2 = 7.268939805420649e-08 sum = 1.0467109380214862e-07
E1 = 7.268939805420649e-08 E2 = 3.198169574794213e-08 sum = 1.0467109380214862e-07
E1 = 1.0560998557293027e-07 E2 = 1.7587428988298562e-08 sum = 1.2319741456122882e-07
E1 = 1.7587428988298562e-08 E2 = 1.0560998557293027e-07 sum = 1.2319741456122882e-07
E1 = 1.0560998557293027e-07 E2 = 1.7587428988298562e-08 sum = 1.2319741456122882e-07
E1 = 1.7587428988298562e-08 E2 = 1.0560998557293027e-07 sum = 1.2319741456122882e-07
E1 = 5.447600337841911e-08 E2 = 4.012563509604169e-08 sum = 9.460163847446079e-08
E1 = 4.012563509604169e-08 E2 = 5.447600337841911e-08 sum = 9.460163847446079e-08
time = 40 
Calc charge in cells
Establishing method
Crashing
E1 = 1.9076620736477197e-07 E2 = 4.383858635983541e-08 sum = 2.3460479372460738e-07
E1 = 4.383858635983541e-08 E2 = 1.9076620736477197e-07 sum = 2.3460479372460738e-07
time = 41 
Calc charge in cells
Establishing method
Crashing
E1 = 2.280273633055733e-09 E2 = 7.890201754046356e-09 sum = 1.0170475387102089e-08
E1 = 7.890201754046356e-09 E2 = 2.280273633055733e-09 sum = 1.0170475387102089e-08
E1 = 1.926495068737457e-08 E2 = 4.090605199545431e-08 sum = 6.017100268282888e-08
E1 = 4.090605199545431e-08 E2 = 1.926495068737457e-08 sum = 6.017100268282888e-08
E1 = 1.926495068737457e-08 E2 = 4.090605199545431e-08 sum = 6.017100268282888e-08
E1 = 4.090605199545431e-08 E2 = 1.926495068737457e-08 sum = 6.017100268282888e-08
E1 = 2.5751556042066206e-08 E2 = 1.4776443370675506e-07 sum = 1.7351598974882127e-07
E1 = 1.4776443370675506e-07 E2 = 2.5751556042066206e-08 sum = 1.7351598974882127e-07
time = 42 
Calc charge in cells
Establishing method
Crashing
E1 = 2.2988392230577075e-08 E2 = 2.350803558318492e-07 sum = 2.5806874806242627e-07
E1 = 2.350803558318492e-07 E2 = 2.2988392230577075e-08 sum = 2.5806874806242627e-07
E1 = 2.2988392230577075e-08 E2 = 2.350803558318492e-07 sum = 2.5806874806242627e-07
E1 = 2.350803558318492e-07 E2 = 2.2988392230577075e-08 sum = 2.5806874806242627e-07
E1 = 2.990991467992769e-09 E2 = 9.174500970008468e-09 sum = 1.2165492438001238e-08
E1 = 9.174500970008468e-09 E2 = 2.990991467992769e-09 sum = 1.2165492438001238e-08
time = 43 
Calc charge in cells
Establishing method
Crashing
E1 = 2.753340872741143e-08 E2 = 6.508048218851635e-08 sum = 9.261389091592778e-08
E1 = 6.508048218851635e-08 E2 = 2.753340872741143e-08 sum = 9.261389091592778e-08
E1 = 2.753340872741143e-08 E2 = 6.508048218851635e-08 sum = 9.261389091592778e-08
E1 = 6.508048218851635e-08 E2 = 2.753340872741143e-08 sum = 9.261389091592778e-08
E1 = 1.924495371137355e-08 E2 = 1.1897331534201689e-08 sum = 3.1142285245575237e-08
E1 = 1.1897331534201689e-08 E2 = 1.924495371137355e-08 sum = 3.1142285245575237e-08
time = 44 
Calc charge in cells
Establishing method
Crashing
E1 = 9.627261318718951e-09 E2 = 1.4562226457760356e-08 sum = 2.4189487776479307e-08
E1 = 1.4562226457760356e-08 E2 = 9.627261318718951e-09 sum = 2.4189487776479307e-08
E1 = 9.627261318718951e-09 E2 = 1.4562226457760356e-08 sum = 2.4189487776479307e-08
E1 = 1.4562226457760356e-08 E2 = 9.627261318718951e-09 sum = 2.4189487776479307e-08
E1 = 1.2553707663692984e-07 E2 = 1.209722094697586e-07 sum = 2.4650928610668846e-07
E1 = 1.209722094697586e-07 E2 = 1.2553707663692984e-07 sum = 2.4650928610668846e-07
E1 = 1.2553707663692984e-07 E2 = 1.209722094697586e-07 sum = 2.4650928610668846e-07
E1 = 1.209722094697586e-07 E2 = 1.2553707663692984e-07 sum = 2.4650928610668846e-07
E1 = 2.121317156886597e-08 E2 = 1.3462415634450337e-08 sum = 3.4675587203316306e-08
E1 = 1.3462415634450337e-08 E2 = 2.121317156886597e-08 sum = 3.4675587203316306e-08
time = 45 
Calc charge in cells
Establishing method
Crashing
E1 = 1.3048680136664506e-07 E2 = 1.2581770336895016e-07 sum = 2.563045047355952e-07
E1 = 1.2581770336895016e-07 E2 = 1.3048680136664506e-07 sum = 2.563045047355952e-07
time = 46 
Calc charge in cells
Establishing method
Crashing
E1 = 1.3553382745719946e-07 E2 = 1.3076050022560773e-07 sum = 2.662943276828072e-07
E1 = 1.3076050022560773e-07 E2 = 1.3553382745719946e-07 sum = 2.662943276828072e-07
time = 47 
Calc charge in cells
Establishing method
Crashing
E1 = 4.151687340947477e-08 E2 = 4.090150155228134e-08 sum = 8.24183749617561e-08
E1 = 4.090150155228134e-08 E2 = 4.151687340947477e-08 sum = 8.24183749617561e-08
E1 = 4.151687340947477e-08 E2 = 4.090150155228134e-08 sum = 8.24183749617561e-08
E1 = 4.090150155228134e-08 E2 = 4.151687340947477e-08 sum = 8.24183749617561e-08
E1 = 9.841825368778482e-08 E2 = 6.094047193090137e-08 sum = 1.593587256186862e-07
E1 = 6.094047193090137e-08 E2 = 9.841825368778482e-08 sum = 1.593587256186862e-07
E1 = 9.841825368778482e-08 E2 = 6.094047193090137e-08 sum = 1.593587256186862e-07
E1 = 6.094047193090137e-08 E2 = 9.841825368778482e-08 sum = 1.593587256186862e-07
time = 48 
Calc charge in cells
Establishing method
Crashing
E1 = 6.161160447643477e-08 E2 = 4.6097090144773946e-08 sum = 1.0770869462120871e-07
E1 = 4.6097090144773946e-08 E2 = 6.161160447643477e-08 sum = 1.0770869462120871e-07
E1 = 6.161160447643477e-08 E2 = 4.6097090144773946e-08 sum = 1.0770869462120871e-07
E1 = 4.6097090144773946e-08 E2 = 6.161160447643477e-08 sum = 1.0770869462120871e-07
E1 = 4.440749794557957e-08 E2 = 4.3739371981248416e-08 sum = 8.814686992682798e-08
E1 = 4.3739371981248416e-08 E2 = 4.440749794557957e-08 sum = 8.814686992682798e-08
time = 49 
Calc charge in cells
Establishing method
Crashing
E1 = 4.7395441019252854e-08 E2 = 4.6674561103888024e-08 sum = 9.407000212314088e-08
E1 = 4.6674561103888024e-08 E2 = 4.7395441019252854e-08 sum = 9.407000212314088e-08
time = 50 
eCalc charge in cells
Establishing method
Crashing
E1 = 1.914866796041816e-08 E2 = 1.442372612992082e-07 sum = 1.6338592925962638e-07
E1 = 1.442372612992082e-07 E2 = 1.914866796041816e-08 sum = 1.6338592925962638e-07
time = 51 
Calc charge in cells
Establishing method
Crashing
E1 = 1.9730477681146503e-08 E2 = 3.133721431064047e-08 sum = 5.1067691991786975e-08
E1 = 3.133721431064047e-08 E2 = 1.9730477681146503e-08 sum = 5.1067691991786975e-08
E1 = 1.9730477681146503e-08 E2 = 3.133721431064047e-08 sum = 5.1067691991786975e-08
E1 = 3.133721431064047e-08 E2 = 1.9730477681146503e-08 sum = 5.1067691991786975e-08
time = 52 
Calc charge in cells
Establishing method
Crashing
time = 53 
Calc charge in cells
Establishing method
Crashing
E1 = 1.4387879823011582e-07 E2 = 7.286395776010886e-08 sum = 2.1674275599022467e-07
E1 = 7.286395776010886e-08 E2 = 1.4387879823011582e-07 sum = 2.1674275599022467e-07
E1 = 1.4387879823011582e-07 E2 = 7.286395776010886e-08 sum = 2.1674275599022467e-07
E1 = 7.286395776010886e-08 E2 = 1.4387879823011582e-07 sum = 2.1674275599022467e-07
time = 54 
Calc charge in cells
Establishing method
Crashing
E1 = 7.965537286237849e-08 E2 = 4.7188127159789056e-08 sum = 1.2684350002216755e-07
E1 = 4.7188127159789056e-08 E2 = 7.965537286237849e-08 sum = 1.2684350002216755e-07
E1 = 7.965537286237849e-08 E2 = 4.7188127159789056e-08 sum = 1.2684350002216755e-07
E1 = 4.7188127159789056e-08 E2 = 7.965537286237849e-08 sum = 1.2684350002216755e-07
E1 = 1.5445506411792723e-08 E2 = 1.3004056328761321e-08 sum = 2.8449562740554043e-08
E1 = 1.3004056328761321e-08 E2 = 1.5445506411792723e-08 sum = 2.8449562740554043e-08
time = 55 
Calc charge in cells
Establishing method
Crashing
E1 = 5.046286979682428e-08 E2 = 1.0244249266610108e-07 sum = 1.5290536246292536e-07
E1 = 5.046286979682428e-08 E2 = 9.551482561333635e-08 sum = 1.4597769541016063e-07
E1 = 1.0244249266610108e-07 E2 = 5.046286979682428e-08 sum = 1.5290536246292536e-07
E1 = 1.0244249266610108e-07 E2 = 9.551482561333635e-08 sum = 1.9795731827943743e-07
E1 = 9.551482561333635e-08 E2 = 5.046286979682428e-08 sum = 1.4597769541016063e-07
E1 = 9.551482561333635e-08 E2 = 1.0244249266610108e-07 sum = 1.9795731827943743e-07
E1 = 5.046286979682428e-08 E2 = 1.0244249266610108e-07 sum = 1.5290536246292536e-07
E1 = 5.046286979682428e-08 E2 = 9.551482561333635e-08 sum = 1.4597769541016063e-07
E1 = 1.0244249266610108e-07 E2 = 5.046286979682428e-08 sum = 1.5290536246292536e-07
E1 = 1.0244249266610108e-07 E2 = 9.551482561333635e-08 sum = 1.9795731827943743e-07
E1 = 9.551482561333635e-08 E2 = 5.046286979682428e-08 sum = 1.4597769541016063e-07
E1 = 9.551482561333635e-08 E2 = 1.0244249266610108e-07 sum = 1.9795731827943743e-07
E1 = 5.046286979682428e-08 E2 = 1.0244249266610108e-07 sum = 1.5290536246292536e-07
E1 = 5.046286979682428e-08 E2 = 9.551482561333635e-08 sum = 1.4597769541016063e-07
E1 = 1.0244249266610108e-07 E2 = 5.046286979682428e-08 sum = 1.5290536246292536e-07
E1 = 1.0244249266610108e-07 E2 = 9.551482561333635e-08 sum = 1.9795731827943743e-07
E1 = 9.551482561333635e-08 E2 = 5.046286979682428e-08 sum = 1.4597769541016063e-07
E1 = 9.551482561333635e-08 E2 = 1.0244249266610108e-07 sum = 1.9795731827943743e-07
E1 = 5.7360867869046236e-08 E2 = 1.0683850420897962e-07 sum = 1.6419937207802587e-07
E1 = 1.0683850420897962e-07 E2 = 5.7360867869046236e-08 sum = 1.6419937207802587e-07
E1 = 1.721091258232056e-08 E2 = 1.458424103308408e-08 sum = 3.179515361540464e-08
E1 = 1.458424103308408e-08 E2 = 1.721091258232056e-08 sum = 3.179515361540464e-08
E1 = 3.395984081914533e-08 E2 = 1.0002056161217052e-08 sum = 4.396189698036238e-08
E1 = 1.0002056161217052e-08 E2 = 3.395984081914533e-08 sum = 4.396189698036238e-08
time = 56 
Calc charge in cells
Establishing method
Crashing
time = 57 
Calc charge in cells
Establishing method
Crashing
E1 = 1.1497977911937352e-07 E2 = 8.385803711745373e-09 sum = 1.233655828311189e-07
E1 = 8.385803711745373e-09 E2 = 1.1497977911937352e-07 sum = 1.233655828311189e-07
time = 58 
Calc charge in cells
Establishing method
Crashing
E1 = 1.9488230049683246e-08 E2 = 1.4595888613209415e-07 sum = 1.654471161817774e-07
E1 = 1.4595888613209415e-07 E2 = 1.9488230049683246e-08 sum = 1.654471161817774e-07
E1 = 1.9488230049683246e-08 E2 = 1.4595888613209415e-07 sum = 1.654471161817774e-07
E1 = 1.4595888613209415e-07 E2 = 1.9488230049683246e-08 sum = 1.654471161817774e-07
E1 = 1.9488230049683246e-08 E2 = 1.4595888613209415e-07 sum = 1.654471161817774e-07
E1 = 1.4595888613209415e-07 E2 = 1.9488230049683246e-08 sum = 1.654471161817774e-07
E1 = 4.2321702128319494e-08 E2 = 4.6432908382625144e-08 sum = 8.875461051094464e-08
E1 = 4.6432908382625144e-08 E2 = 4.2321702128319494e-08 sum = 8.875461051094464e-08
E1 = 4.2321702128319494e-08 E2 = 4.6432908382625144e-08 sum = 8.875461051094464e-08
E1 = 4.6432908382625144e-08 E2 = 4.2321702128319494e-08 sum = 8.875461051094464e-08
E1 = 1.2753960932225308e-08 E2 = 8.272808478240203e-08 sum = 9.548204571462734e-08
E1 = 8.272808478240203e-08 E2 = 1.2753960932225308e-08 sum = 9.548204571462734e-08
E1 = 5.1142013452758225e-08 E2 = 7.224522450036638e-08 sum = 1.233872379531246e-07
E1 = 7.224522450036638e-08 E2 = 5.1142013452758225e-08 sum = 1.233872379531246e-07
time = 59 
Calc charge in cells
Establishing method
Crashing
E1 = 2.7463479900598692e-08 E2 = 5.159700603785674e-08 sum = 7.906048593845543e-08
E1 = 5.159700603785674e-08 E2 = 2.7463479900598692e-08 sum = 7.906048593845543e-08
E1 = 2.7463479900598692e-08 E2 = 5.159700603785674e-08 sum = 7.906048593845543e-08
E1 = 5.159700603785674e-08 E2 = 2.7463479900598692e-08 sum = 7.906048593845543e-08
E1 = 5.1087230427917174e-08 E2 = 2.0759173030964563e-08 sum = 7.184640345888174e-08
E1 = 2.0759173030964563e-08 E2 = 5.1087230427917174e-08 sum = 7.184640345888174e-08
E1 = 4.517508296266051e-08 E2 = 4.946744922103066e-08 sum = 9.464253218369117e-08
E1 = 4.946744922103066e-08 E2 = 4.517508296266051e-08 sum = 9.464253218369117e-08
E1 = 1.1128097207531948e-08 E2 = 8.101737580560893e-08 sum = 9.214547301314089e-08
E1 = 8.101737580560893e-08 E2 = 1.1128097207531948e-08 sum = 9.214547301314089e-08
E1 = 5.434266567573248e-08 E2 = 7.603914838750563e-08 sum = 1.303818140632381e-07
E1 = 7.603914838750563e-08 E2 = 5.434266567573248e-08 sum = 1.303818140632381e-07
time = 60 
Calc charge in cells
Establishing method
Crashing
E1 = 8.646364653368648e-09 E2 = 1.7836555095017552e-08 sum = 2.64829197483862e-08
E1 = 1.7836555095017552e-08 E2 = 8.646364653368648e-09 sum = 2.64829197483862e-08
time = 61 