Particle distribution
Calc charge in cells
Establishing method
Crashing
time = 1 
Calc charge in cells
Establishing method
Crashing
time = 2 
Calc charge in cells
Establishing method
Crashing
time = 3 
Calc charge in cells
Establishing method
Crashing
time = 4 
Calc charge in cells
Establishing method
Crashing
time = 5 
Calc charge in cells
Establishing method
Crashing
time = 6 
Calc charge in cells
Establishing method
Crashing
time = 7 
Calc charge in cells
Establishing method
Crashing
time = 8 
Calc charge in cells
Establishing method
Crashing
time = 9 
Calc charge in cells
Establishing method
Crashing
time = 10 
Calc charge in cells
Establishing method
Crashing
time = 11 
Calc charge in cells
Establishing method
Crashing
time = 12 
Calc charge in cells
Establishing method
Crashing
E1 = 1.2040832897947627e-43 E2 = 4.717095375140734e-44 sum = 1.6757928273088361e-43
E1 = 4.717095375140734e-44 E2 = 1.2040832897947627e-43 sum = 1.6757928273088361e-43
E1 = 1.2040832897947627e-43 E2 = 4.717095375140734e-44 sum = 1.6757928273088361e-43
E1 = 4.717095375140734e-44 E2 = 1.2040832897947627e-43 sum = 1.6757928273088361e-43
time = 13 
Calc charge in cells
Establishing method
Crashing
E1 = 8.385639019986e-44 E2 = 2.263145998769229e-43 sum = 3.101709900767829e-43
E1 = 2.263145998769229e-43 E2 = 8.385639019986e-44 sum = 3.101709900767829e-43
E1 = 1.1465974540647086e-43 E2 = 2.1220564667034605e-43 sum = 3.268653920768169e-43
E1 = 2.1220564667034605e-43 E2 = 1.1465974540647086e-43 sum = 3.268653920768169e-43
E1 = 4.258094679062255e-45 E2 = 7.978691264831389e-44 sum = 8.404500732737615e-44
E1 = 7.978691264831389e-44 E2 = 4.258094679062255e-45 sum = 8.404500732737615e-44
E1 = 4.258094679062255e-45 E2 = 7.978691264831389e-44 sum = 8.404500732737615e-44
E1 = 7.978691264831389e-44 E2 = 4.258094679062255e-45 sum = 8.404500732737615e-44
time = 14 
Calc charge in cells
Establishing method
Crashing
E1 = 5.341907580871273e-44 E2 = 1.000631121505352e-43 sum = 1.5348218795924795e-43
E1 = 1.000631121505352e-43 E2 = 5.341907580871273e-44 sum = 1.5348218795924795e-43
E1 = 5.341907580871273e-44 E2 = 1.000631121505352e-43 sum = 1.5348218795924795e-43
E1 = 1.000631121505352e-43 E2 = 5.341907580871273e-44 sum = 1.5348218795924795e-43
time = 15 
Calc charge in cells
Establishing method
Crashing
E1 = 7.87007163171906e-44 E2 = 2.2286631873766528e-44 sum = 1.0098734819095713e-43
E1 = 7.87007163171906e-44 E2 = 8.752215468566551e-44 sum = 1.6622287100285612e-43
E1 = 2.2286631873766528e-44 E2 = 7.87007163171906e-44 sum = 1.0098734819095713e-43
E1 = 2.2286631873766528e-44 E2 = 8.752215468566551e-44 sum = 1.0980878655943204e-43
E1 = 8.752215468566551e-44 E2 = 7.87007163171906e-44 sum = 1.6622287100285612e-43
E1 = 8.752215468566551e-44 E2 = 2.2286631873766528e-44 sum = 1.0980878655943204e-43
E1 = 1.1839088982125458e-44 E2 = 2.6972078975144297e-43 sum = 2.8155987873356842e-43
E1 = 2.6972078975144297e-43 E2 = 1.1839088982125458e-44 sum = 2.8155987873356842e-43
E1 = 6.633486364753626e-44 E2 = 1.7545840506828837e-43 sum = 2.4179326871582462e-43
E1 = 1.7545840506828837e-43 E2 = 6.633486364753626e-44 sum = 2.4179326871582462e-43
time = 16 
Calc charge in cells
Establishing method
Crashing
E1 = 1.9530709486969216e-45 E2 = 9.101082524086327e-44 sum = 9.296389618956019e-44
E1 = 9.101082524086327e-44 E2 = 1.9530709486969216e-45 sum = 9.296389618956019e-44
E1 = 6.438683680377218e-44 E2 = 1.5665263493180746e-43 sum = 2.210394717355796e-43
E1 = 1.5665263493180746e-43 E2 = 6.438683680377218e-44 sum = 2.210394717355796e-43
E1 = 8.377402719406474e-44 E2 = 9.283168419675144e-44 sum = 1.7660571139081617e-43
E1 = 9.283168419675144e-44 E2 = 8.377402719406474e-44 sum = 1.7660571139081617e-43
time = 17 
Calc charge in cells
Establishing method
Crashing
E1 = 1.0217546628455914e-43 E2 = 1.8663841693723796e-43 sum = 2.888138832217971e-43
E1 = 1.8663841693723796e-43 E2 = 1.0217546628455914e-43 sum = 2.888138832217971e-43
E1 = 1.8663841693723796e-43 E2 = 1.0217546628455914e-43 sum = 2.888138832217971e-43
E1 = 1.0217546628455914e-43 E2 = 1.8663841693723796e-43 sum = 2.888138832217971e-43
E1 = 1.65110800509449e-43 E2 = 1.230888331170856e-43 sum = 2.881996336265346e-43
E1 = 1.230888331170856e-43 E2 = 1.65110800509449e-43 sum = 2.881996336265346e-43
E1 = 1.65110800509449e-43 E2 = 1.230888331170856e-43 sum = 2.881996336265346e-43
E1 = 1.230888331170856e-43 E2 = 1.65110800509449e-43 sum = 2.881996336265346e-43
E1 = 2.6321949621199703e-44 E2 = 2.4672297167219403e-43 sum = 2.7304492129339374e-43
E1 = 2.4672297167219403e-43 E2 = 2.6321949621199703e-44 sum = 2.7304492129339374e-43
E1 = 2.6321949621199703e-44 E2 = 2.4672297167219403e-43 sum = 2.7304492129339374e-43
E1 = 2.4672297167219403e-43 E2 = 2.6321949621199703e-44 sum = 2.7304492129339374e-43
E1 = 2.1539388027509197e-45 E2 = 1.4333265218246945e-43 sum = 1.4548659098522037e-43
E1 = 1.4333265218246945e-43 E2 = 2.1539388027509197e-45 sum = 1.4548659098522037e-43
E1 = 2.1539388027509197e-45 E2 = 1.4333265218246945e-43 sum = 1.4548659098522037e-43
E1 = 1.4333265218246945e-43 E2 = 2.1539388027509197e-45 sum = 1.4548659098522037e-43
E1 = 8.900893691933509e-44 E2 = 9.830281091077936e-44 sum = 1.8731174783011445e-43
E1 = 9.830281091077936e-44 E2 = 8.900893691933509e-44 sum = 1.8731174783011445e-43
time = 18 
Calc charge in cells
Establishing method
Crashing
E1 = 1.6258958185009915e-43 E2 = 2.3505618514257847e-43 sum = 3.976457669926776e-43
E1 = 2.3505618514257847e-43 E2 = 1.6258958185009915e-43 sum = 3.976457669926776e-43
E1 = 1.6258958185009915e-43 E2 = 2.3505618514257847e-43 sum = 3.976457669926776e-43
E1 = 2.3505618514257847e-43 E2 = 1.6258958185009915e-43 sum = 3.976457669926776e-43
E1 = 9.10558290237091e-44 E2 = 1.1158855436588918e-45 sum = 9.217171456736798e-44
E1 = 1.1158855436588918e-45 E2 = 9.10558290237091e-44 sum = 9.217171456736798e-44
E1 = 9.10558290237091e-44 E2 = 1.1158855436588918e-45 sum = 9.217171456736798e-44
E1 = 1.1158855436588918e-45 E2 = 9.10558290237091e-44 sum = 9.217171456736798e-44
time = 19 
Calc charge in cells
Establishing method
Crashing
E1 = 5.85841805600642e-44 E2 = 6.268700555279211e-44 sum = 1.2127118611285631e-43
E1 = 6.268700555279211e-44 E2 = 5.85841805600642e-44 sum = 1.2127118611285631e-43
E1 = 1.3455039656177846e-44 E2 = 1.2313791024566825e-43 sum = 1.3659294990184608e-43
E1 = 1.2313791024566825e-43 E2 = 1.3455039656177846e-44 sum = 1.3659294990184608e-43
time = 20 
Calc charge in cells
Establishing method
Crashing
E1 = 1.5871194515559218e-43 E2 = 1.8250368768171684e-44 sum = 1.7696231392376387e-43
E1 = 1.5871194515559218e-43 E2 = 2.885504147522778e-44 sum = 1.8756698663081995e-43
E1 = 1.5871194515559218e-43 E2 = 3.412015431639208e-44 sum = 1.9283209947198427e-43
E1 = 1.8250368768171684e-44 E2 = 1.5871194515559218e-43 sum = 1.7696231392376387e-43
E1 = 1.8250368768171684e-44 E2 = 2.885504147522778e-44 sum = 4.710541024339947e-44
E1 = 1.8250368768171684e-44 E2 = 3.412015431639208e-44 sum = 5.237052308456377e-44
E1 = 2.885504147522778e-44 E2 = 1.5871194515559218e-43 sum = 1.8756698663081995e-43
E1 = 2.885504147522778e-44 E2 = 1.8250368768171684e-44 sum = 4.710541024339947e-44
E1 = 2.885504147522778e-44 E2 = 3.412015431639208e-44 sum = 6.297519579161986e-44
E1 = 3.412015431639208e-44 E2 = 1.5871194515559218e-43 sum = 1.9283209947198427e-43
E1 = 3.412015431639208e-44 E2 = 1.8250368768171684e-44 sum = 5.237052308456377e-44
E1 = 3.412015431639208e-44 E2 = 2.885504147522778e-44 sum = 6.297519579161986e-44
E1 = 1.310901270960746e-43 E2 = 4.755640512957366e-44 sum = 1.7864653222564825e-43
E1 = 4.755640512957366e-44 E2 = 1.310901270960746e-43 sum = 1.7864653222564825e-43
E1 = 1.310901270960746e-43 E2 = 4.755640512957366e-44 sum = 1.7864653222564825e-43
E1 = 4.755640512957366e-44 E2 = 1.310901270960746e-43 sum = 1.7864653222564825e-43
E1 = 6.295872414903519e-44 E2 = 6.726445895645989e-44 sum = 1.302231831054951e-43
E1 = 6.726445895645989e-44 E2 = 6.295872414903519e-44 sum = 1.302231831054951e-43
E1 = 1.4726435707570628e-44 E2 = 6.83409983960114e-44 sum = 8.306743410358203e-44
E1 = 6.83409983960114e-44 E2 = 1.4726435707570628e-44 sum = 8.306743410358203e-44
E1 = 1.682028294904582e-43 E2 = 1.6798541395021642e-44 sum = 1.8500137088547985e-43
E1 = 1.6798541395021642e-44 E2 = 1.682028294904582e-43 sum = 1.8500137088547985e-43