Particle distribution elapsed time = 12.156697511672974
Calcing charge in cells elapsed time = 78.51385068893433
Establishing method elapsed time = 30.425772190093994
Intensity calcing elapsed time = 62.061588287353516
Tension by particle calcing elapsed time = 149.73494291305542
Crash finding elapsed time = 138.70446968078613
Differential equations solution elapsed time = 44.840920209884644
absolute time = 100 
Dump saving elapsed time = 2.384185791015625e-06
Make plotters I elapsed time = 319.26442408561707
Make plotters II elapsed time = 0.007925987243652344
Calcing charge in cells elapsed time = 85.68019223213196
Establishing method elapsed time = 38.20711302757263
Intensity calcing elapsed time = 62.53260684013367
Tension by particle calcing elapsed time = 149.76035737991333
Crash finding elapsed time = 171.2034306526184
Differential equations solution elapsed time = 46.589826822280884
absolute time = 101 
Dump saving elapsed time = 2.86102294921875e-06
Make plotters I elapsed time = 288.19825053215027
Make plotters II elapsed time = 0.007712364196777344
Calcing charge in cells elapsed time = 85.11694693565369
Establishing method elapsed time = 37.93171167373657
Intensity calcing elapsed time = 67.16902422904968
Tension by particle calcing elapsed time = 152.16340279579163
Crash finding elapsed time = 190.53341221809387
Differential equations solution elapsed time = 51.140403747558594
absolute time = 102 
Dump saving elapsed time = 60.81180453300476
Make plotters I elapsed time = 376.68003249168396
Make plotters II elapsed time = 0.007854700088500977
Calcing charge in cells elapsed time = 84.94159936904907
Establishing method elapsed time = 38.844576597213745
Intensity calcing elapsed time = 72.60307908058167
KeyboardInterrupt
typeI: [1.5208142623792145e-05, 1.0388040435175253e-05] 
typeII: [] 
typeIII []
[[[array([  0.00000000e+00,   4.99997612e-05,   5.00000968e-05,
         8.07992642e-07,   1.60217657e-07,   5.86413530e-01,
        -2.76435459e-03,   3.20218667e-02]), array([  4.05723383e-06,   4.99806847e-05,   5.02210765e-05,
         8.07992642e-07,   1.60217657e-07,   5.89443262e-01,
        -2.76433897e-03,   3.20218823e-02]), array([  8.13537550e-06,   4.99616084e-05,   5.04420563e-05,
         8.07992642e-07,   1.60217657e-07,   5.92474401e-01,
        -2.76407734e-03,   3.20219305e-02]), array([  1.22344347e-05,   4.99425339e-05,   5.06630365e-05,
         8.07992642e-07,   1.60217657e-07,   5.95504115e-01,
        -2.76404945e-03,   3.20219583e-02]), array([  1.63544016e-05,   4.99234596e-05,   5.08840168e-05,
         8.07992642e-07,   1.60217657e-07,   5.98533819e-01,
        -2.76401548e-03,   3.20219919e-02]), array([  2.04952762e-05,   4.99043855e-05,   5.11049975e-05,
         8.07992642e-07,   1.60217657e-07,   6.01563513e-01,
        -2.76397551e-03,   3.20220315e-02]), array([  2.46570584e-05,   4.98853118e-05,   5.13259784e-05,
         8.07992642e-07,   1.60217657e-07,   6.04593198e-01,
        -2.76392952e-03,   3.20220768e-02]), array([  2.88397480e-05,   4.98662383e-05,   5.15469597e-05,
         8.07992642e-07,   1.60217657e-07,   6.07622873e-01,
        -2.76387769e-03,   3.20221278e-02]), array([  3.30433452e-05,   4.98471653e-05,   5.17679413e-05,
         8.07992642e-07,   1.60217657e-07,   6.10652539e-01,
        -2.76381999e-03,   3.20221844e-02]), array([  3.72678496e-05,   4.98280927e-05,   5.19889233e-05,
         8.07992642e-07,   1.60217657e-07,   6.13682195e-01,
        -2.76375653e-03,   3.20222464e-02]), array([  4.15132615e-05,   4.98090205e-05,   5.22099058e-05,
         8.07992642e-07,   1.60217657e-07,   6.16711841e-01,
        -2.76368737e-03,   3.20223139e-02]), array([  4.57795805e-05,   4.97899489e-05,   5.24308888e-05,
         8.07992642e-07,   1.60217657e-07,   6.19741478e-01,
        -2.76361254e-03,   3.20223867e-02]), array([  5.00668067e-05,   4.97708777e-05,   5.26518723e-05,
         8.07992642e-07,   1.60217657e-07,   6.22771105e-01,
        -2.76353217e-03,   3.20224647e-02]), array([  5.43749401e-05,   4.97518072e-05,   5.28728563e-05,
         8.07992642e-07,   1.60217657e-07,   6.25800721e-01,
        -2.76344623e-03,   3.20225479e-02]), array([  6.30539278e-05,   4.97136679e-05,   5.33148262e-05,
         8.07992642e-07,   1.60217657e-07,   6.31859929e-01,
        -2.76325823e-03,   3.20227292e-02]), array([  6.74247821e-05,   4.96945993e-05,   5.35358121e-05,
         8.07992642e-07,   1.60217657e-07,   6.34889520e-01,
        -2.76315637e-03,   3.20228270e-02]), array([  7.18165433e-05,   4.96755314e-05,   5.37567988e-05,
         8.07992642e-07,   1.60217657e-07,   6.37919101e-01,
        -2.76304940e-03,   3.20229295e-02]), array([  7.62292113e-05,   4.96564643e-05,   5.39777861e-05,
         8.07992642e-07,   1.60217657e-07,   6.40948673e-01,
        -2.76293742e-03,   3.20230366e-02]), array([  8.06627860e-05,   4.96373979e-05,   5.41987742e-05,
         8.07992642e-07,   1.60217657e-07,   6.43978236e-01,
        -2.76282053e-03,   3.20231480e-02]), array([  8.51172673e-05,   4.96183324e-05,   5.44197631e-05,
         8.07992642e-07,   1.60217657e-07,   6.47007788e-01,
        -2.76269874e-03,   3.20232639e-02]), array([  8.95926553e-05,   4.95992678e-05,   5.46407527e-05,
         8.07992642e-07,   1.60217657e-07,   6.50037332e-01,
        -2.76257224e-03,   3.20233839e-02]), array([  9.40889498e-05,   4.95802040e-05,   5.48617433e-05,
         8.07992642e-07,   1.60217657e-07,   6.53066869e-01,
        -2.76244100e-03,   3.20235082e-02]), array([  9.86061508e-05,   4.95611411e-05,   5.50827347e-05,
         8.07992642e-07,   1.60217657e-07,   6.56096399e-01,
        -2.76230525e-03,   3.20236364e-02]), array([  1.03144258e-04,   4.95420792e-05,   5.53037270e-05,
         8.07992642e-07,   1.60217657e-07,   6.59125923e-01,
        -2.76216497e-03,   3.20237686e-02]), array([  1.07703272e-04,   4.95230183e-05,   5.55247202e-05,
         8.07992642e-07,   1.60217657e-07,   6.62155438e-01,
        -2.76202034e-03,   3.20239046e-02]), array([  1.12283192e-04,   4.95039584e-05,   5.57457144e-05,
         8.07992642e-07,   1.60217657e-07,   6.65184944e-01,
        -2.76187140e-03,   3.20240444e-02]), array([  1.16884019e-04,   4.94848995e-05,   5.59667095e-05,
         8.07992642e-07,   1.60217657e-07,   6.68214443e-01,
        -2.76171805e-03,   3.20241880e-02]), array([  1.21505752e-04,   4.94658417e-05,   5.61877057e-05,
         8.07992642e-07,   1.60217657e-07,   6.71243938e-01,
        -2.76156018e-03,   3.20243356e-02]), array([  1.26148391e-04,   4.94467851e-05,   5.64087029e-05,
         8.07992642e-07,   1.60217657e-07,   6.74273429e-01,
        -2.76139798e-03,   3.20244868e-02]), array([  1.30811936e-04,   4.94277295e-05,   5.66297011e-05,
         8.07992642e-07,   1.60217657e-07,   6.77302916e-01,
        -2.76123187e-03,   3.20246413e-02]), array([  1.35496387e-04,   4.94086751e-05,   5.68507005e-05,
         8.07992642e-07,   1.60217657e-07,   6.80332399e-01,
        -2.76106185e-03,   3.20247991e-02]), array([  1.40201745e-04,   4.93896219e-05,   5.70717009e-05,
         8.07992642e-07,   1.60217657e-07,   6.83361874e-01,
        -2.76088801e-03,   3.20249601e-02]), array([  1.44928008e-04,   4.93705699e-05,   5.72927024e-05,
         8.07992642e-07,   1.60217657e-07,   6.86391342e-01,
        -2.76071036e-03,   3.20251242e-02]), array([  1.49675178e-04,   4.93515192e-05,   5.75137051e-05,
         8.07992642e-07,   1.60217657e-07,   6.89420804e-01,
        -2.76052928e-03,   3.20252911e-02]), array([  1.54443253e-04,   4.93324697e-05,   5.77347090e-05,
         8.07992642e-07,   1.60217657e-07,   6.92450258e-01,
        -2.76034475e-03,   3.20254609e-02]), array([  1.59232235e-04,   4.93134215e-05,   5.79557140e-05,
         8.07992642e-07,   1.60217657e-07,   6.95479707e-01,
        -2.76015690e-03,   3.20256333e-02]), array([  1.64042122e-04,   4.92943746e-05,   5.81767202e-05,
         8.07992642e-07,   1.60217657e-07,   6.98509150e-01,
        -2.75996571e-03,   3.20258086e-02]), array([  1.68872915e-04,   4.92753290e-05,   5.83977277e-05,
         8.07992642e-07,   1.60217657e-07,   7.01538586e-01,
        -2.75977165e-03,   3.20259860e-02]), array([  1.73724614e-04,   4.92562848e-05,   5.86187364e-05,
         8.07992642e-07,   1.60217657e-07,   7.04568017e-01,
        -2.75957477e-03,   3.20261656e-02]), array([  1.78597219e-04,   4.92372419e-05,   5.88397463e-05,
         8.07992642e-07,   1.60217657e-07,   7.07597444e-01,
        -2.75937520e-03,   3.20263474e-02]), array([  1.83490730e-04,   4.92182004e-05,   5.90607575e-05,
         8.07992642e-07,   1.60217657e-07,   7.10626868e-01,
        -2.75917295e-03,   3.20265312e-02]), array([  1.88405146e-04,   4.91991604e-05,   5.92817699e-05,
         8.07992642e-07,   1.60217657e-07,   7.13656290e-01,
        -2.75896825e-03,   3.20267169e-02]), array([  1.93340468e-04,   4.91801217e-05,   5.95027837e-05,
         8.07992642e-07,   1.60217657e-07,   7.16685711e-01,
        -2.75876117e-03,   3.20269043e-02]), array([  1.98296696e-04,   4.91610845e-05,   5.97237987e-05,
         8.07992642e-07,   1.60217657e-07,   7.19715128e-01,
        -2.75855190e-03,   3.20270933e-02]), array([  2.03273829e-04,   4.91420488e-05,   5.99448151e-05,
         8.07992642e-07,   1.60217657e-07,   7.22744541e-01,
        -2.75834053e-03,   3.20272838e-02]), array([  2.08271869e-04,   4.91230145e-05,   6.01658328e-05,
         8.07992642e-07,   1.60217657e-07,   7.25773949e-01,
        -2.75812703e-03,   3.20274758e-02]), array([  2.13290813e-04,   4.91039817e-05,   6.03868518e-05,
         8.07992642e-07,   1.60217657e-07,   7.28803352e-01,
        -2.75791140e-03,   3.20276693e-02]), array([  2.18330664e-04,   4.90849503e-05,   6.06078721e-05,
         8.07992642e-07,   1.60217657e-07,   7.31832753e-01,
        -2.75769381e-03,   3.20278643e-02]), array([  2.23391419e-04,   4.90659205e-05,   6.08288938e-05,
         8.07992642e-07,   1.60217657e-07,   7.34862152e-01,
        -2.75747438e-03,   3.20280605e-02]), array([  2.28473081e-04,   4.90468923e-05,   6.10499169e-05,
         8.07992642e-07,   1.60217657e-07,   7.37891548e-01,
        -2.75725330e-03,   3.20282578e-02]), array([  2.33575648e-04,   4.90278655e-05,   6.12709413e-05,
         8.07992642e-07,   1.60217657e-07,   7.40920942e-01,
        -2.75703070e-03,   3.20284559e-02]), array([  2.38699120e-04,   4.90088403e-05,   6.14919671e-05,
         8.07992642e-07,   1.60217657e-07,   7.43950331e-01,
        -2.75680658e-03,   3.20286551e-02]), array([  2.43843498e-04,   4.89898166e-05,   6.17129943e-05,
         8.07992642e-07,   1.60217657e-07,   7.46979715e-01,
        -2.75658092e-03,   3.20288553e-02]), array([  2.49008782e-04,   4.89707945e-05,   6.19340228e-05,
         8.07992642e-07,   1.60217657e-07,   7.50009099e-01,
        -2.75635403e-03,   3.20290561e-02]), array([  2.54194971e-04,   4.89517740e-05,   6.21550528e-05,
         8.07992642e-07,   1.60217657e-07,   7.53038482e-01,
        -2.75612601e-03,   3.20292574e-02]), array([  2.59402065e-04,   4.89327550e-05,   6.23760841e-05,
         8.07992642e-07,   1.60217657e-07,   7.56067865e-01,
        -2.75589667e-03,   3.20294595e-02]), array([  2.64630065e-04,   4.89137377e-05,   6.25971168e-05,
         8.07992642e-07,   1.60217657e-07,   7.59097249e-01,
        -2.75566594e-03,   3.20296625e-02]), array([  2.69878970e-04,   4.88947219e-05,   6.28181509e-05,
         8.07992642e-07,   1.60217657e-07,   7.62126628e-01,
        -2.75543421e-03,   3.20298659e-02]), array([  2.75148781e-04,   4.88757077e-05,   6.30391865e-05,
         8.07992642e-07,   1.60217657e-07,   7.65156001e-01,
        -2.75520150e-03,   3.20300696e-02]), array([  2.80439497e-04,   4.88566952e-05,   6.32602234e-05,
         8.07992642e-07,   1.60217657e-07,   7.68185372e-01,
        -2.75496793e-03,   3.20302735e-02]), array([  2.85751119e-04,   4.88376842e-05,   6.34812618e-05,
         8.07992642e-07,   1.60217657e-07,   7.71214740e-01,
        -2.75473353e-03,   3.20304777e-02]), array([  2.91083646e-04,   4.88186749e-05,   6.37023015e-05,
         8.07992642e-07,   1.60217657e-07,   7.74244106e-01,
        -2.75449841e-03,   3.20306821e-02]), array([  2.96437078e-04,   4.87996672e-05,   6.39233427e-05,
         8.07992642e-07,   1.60217657e-07,   7.77273470e-01,
        -2.75426264e-03,   3.20308866e-02]), array([  3.01811415e-04,   4.87806611e-05,   6.41443853e-05,
         8.07992642e-07,   1.60217657e-07,   7.80302828e-01,
        -2.75402640e-03,   3.20310911e-02]), array([  3.07206658e-04,   4.87616567e-05,   6.43654293e-05,
         8.07992642e-07,   1.60217657e-07,   7.83332183e-01,
        -2.75378976e-03,   3.20312955e-02]), array([  3.12622806e-04,   4.87426539e-05,   6.45864747e-05,
         8.07992642e-07,   1.60217657e-07,   7.86361538e-01,
        -2.75355284e-03,   3.20314997e-02]), array([  3.18059859e-04,   4.87236527e-05,   6.48075215e-05,
         8.07992642e-07,   1.60217657e-07,   7.89390890e-01,
        -2.75331575e-03,   3.20317035e-02]), array([  3.23517818e-04,   4.87046532e-05,   6.50285697e-05,
         8.07992642e-07,   1.60217657e-07,   7.92420237e-01,
        -2.75307859e-03,   3.20319070e-02]), array([  3.28996682e-04,   4.86856553e-05,   6.52496193e-05,
         8.07992642e-07,   1.60217657e-07,   7.95449577e-01,
        -2.75284144e-03,   3.20321099e-02]), array([  3.34496451e-04,   4.86666590e-05,   6.54706704e-05,
         8.07992642e-07,   1.60217657e-07,   7.98478908e-01,
        -2.75260435e-03,   3.20323124e-02]), array([  3.40017125e-04,   4.86476644e-05,   6.56917228e-05,
         8.07992642e-07,   1.60217657e-07,   8.01508234e-01,
        -2.75236767e-03,   3.20325142e-02]), array([  3.45558704e-04,   4.86286714e-05,   6.59127766e-05,
         8.07992642e-07,   1.60217657e-07,   8.04537556e-01,
        -2.75213148e-03,   3.20327153e-02]), array([  3.51121188e-04,   4.86096801e-05,   6.61338318e-05,
         8.07992642e-07,   1.60217657e-07,   8.07566871e-01,
        -2.75189644e-03,   3.20329148e-02]), array([  3.56704577e-04,   4.85906903e-05,   6.63548883e-05,
         8.07992642e-07,   1.60217657e-07,   8.10596178e-01,
        -2.75166254e-03,   3.20331128e-02]), array([  3.62308870e-04,   4.85717022e-05,   6.65759462e-05,
         8.07992642e-07,   1.60217657e-07,   8.13625477e-01,
        -2.75142974e-03,   3.20333094e-02]), array([  3.67934069e-04,   4.85527156e-05,   6.67970055e-05,
         8.07992642e-07,   1.60217657e-07,   8.16654769e-01,
        -2.75119823e-03,   3.20335046e-02]), array([  3.73580173e-04,   4.85337307e-05,   6.70180661e-05,
         8.07992642e-07,   1.60217657e-07,   8.19684059e-01,
        -2.75096825e-03,   3.20336980e-02]), array([  3.79247181e-04,   4.85147473e-05,   6.72391281e-05,
         8.07992642e-07,   1.60217657e-07,   8.22713348e-01,
        -2.75073979e-03,   3.20338897e-02]), array([  3.84935094e-04,   4.84957655e-05,   6.74601913e-05,
         8.07992642e-07,   1.60217657e-07,   8.25742638e-01,
        -2.75051288e-03,   3.20340797e-02]), array([  3.90643912e-04,   4.84767853e-05,   6.76812559e-05,
         8.07992642e-07,   1.60217657e-07,   8.28771929e-01,
        -2.75028742e-03,   3.20342681e-02]), array([  3.96373635e-04,   4.84578066e-05,   6.79023217e-05,
         8.07992642e-07,   1.60217657e-07,   8.31801221e-01,
        -2.75006341e-03,   3.20344547e-02]), array([  4.02124263e-04,   4.84388295e-05,   6.81233889e-05,
         8.07992642e-07,   1.60217657e-07,   8.34830513e-01,
        -2.74984085e-03,   3.20346398e-02]), array([  4.07895796e-04,   4.84198539e-05,   6.83444573e-05,
         8.07992642e-07,   1.60217657e-07,   8.37859805e-01,
        -2.74961975e-03,   3.20348232e-02]), array([  4.13688233e-04,   4.84008798e-05,   6.85655270e-05,
         8.07992642e-07,   1.60217657e-07,   8.40889097e-01,
        -2.74940013e-03,   3.20350049e-02]), array([  4.19501575e-04,   4.83819072e-05,   6.87865979e-05,
         8.07992642e-07,   1.60217657e-07,   8.43918389e-01,
        -2.74918198e-03,   3.20351849e-02]), array([  4.25335822e-04,   4.83629361e-05,   6.90076700e-05,
         8.07992642e-07,   1.60217657e-07,   8.46947681e-01,
        -2.74896532e-03,   3.20353633e-02]), array([  4.31190974e-04,   4.83439666e-05,   6.92287434e-05,
         8.07992642e-07,   1.60217657e-07,   8.49976973e-01,
        -2.74875017e-03,   3.20355400e-02]), array([  4.37067031e-04,   4.83249984e-05,   6.94498180e-05,
         8.07992642e-07,   1.60217657e-07,   8.53006265e-01,
        -2.74853648e-03,   3.20357151e-02]), array([  4.42963992e-04,   4.83060318e-05,   6.96708938e-05,
         8.07992642e-07,   1.60217657e-07,   8.56035556e-01,
        -2.74832413e-03,   3.20358886e-02]), array([  4.48881859e-04,   4.82870666e-05,   6.98919708e-05,
         8.07992642e-07,   1.60217657e-07,   8.59064848e-01,
        -2.74811322e-03,   3.20360605e-02]), array([  4.54820630e-04,   4.82681029e-05,   7.01130490e-05,
         8.07992642e-07,   1.60217657e-07,   8.62094140e-01,
        -2.74790384e-03,   3.20362308e-02]), array([  4.60780306e-04,   4.82491406e-05,   7.03341283e-05,
         8.07992642e-07,   1.60217657e-07,   8.65123431e-01,
        -2.74769600e-03,   3.20363993e-02]), array([  4.66760887e-04,   4.82301798e-05,   7.05552088e-05,
         8.07992642e-07,   1.60217657e-07,   8.68152723e-01,
        -2.74748971e-03,   3.20365662e-02]), array([  4.72762373e-04,   4.82112203e-05,   7.07762904e-05,
         8.07992642e-07,   1.60217657e-07,   8.71182014e-01,
        -2.74728493e-03,   3.20367316e-02]), array([  4.78784763e-04,   4.81922623e-05,   7.09973732e-05,
         8.07992642e-07,   1.60217657e-07,   8.74211306e-01,
        -2.74708167e-03,   3.20368954e-02]), array([  4.84828059e-04,   4.81733057e-05,   7.12184571e-05,
         8.07992642e-07,   1.60217657e-07,   8.77240597e-01,
        -2.74687994e-03,   3.20370577e-02]), array([  4.90892259e-04,   4.81543504e-05,   7.14395422e-05,
         8.07992642e-07,   1.60217657e-07,   8.80269888e-01,
        -2.74667975e-03,   3.20372184e-02]), array([  5.03083374e-04,   4.81164440e-05,   7.18817155e-05,
         8.07992642e-07,   1.60217657e-07,   8.86328471e-01,
        -2.74628386e-03,   3.20375354e-02]), array([  5.09210288e-04,   4.80974929e-05,   7.21028038e-05,
         8.07992642e-07,   1.60217657e-07,   8.89357763e-01,
        -2.74608808e-03,   3.20376917e-02]), array([  5.15358108e-04,   4.80785431e-05,   7.23238932e-05,
         8.07992642e-07,   1.60217657e-07,   8.92387057e-01,
        -2.74589375e-03,   3.20378467e-02])]], [[array([  0.00000000e+00,   5.05000083e-03,   4.99998430e-05,
         8.07992642e-07,   1.60217657e-07,   9.47897179e-01,
         8.51519705e-02,   1.35409805e-01]), array([  6.55179625e-06,   5.05058846e-03,   5.09342923e-05,
         8.07992642e-07,   1.60217657e-07,   9.50927105e-01,
         8.51519705e-02,   1.35409830e-01]), array([  1.31245017e-05,   5.05117608e-03,   5.18687419e-05,
         8.07992642e-07,   1.60217657e-07,   9.53957022e-01,
         8.51519705e-02,   1.35409871e-01]), array([  1.97181162e-05,   5.05176371e-03,   5.28031918e-05,
         8.07992642e-07,   1.60217657e-07,   9.56986927e-01,
         8.51519705e-02,   1.35409927e-01]), array([  2.63326398e-05,   5.05235133e-03,   5.37376421e-05,
         8.07992642e-07,   1.60217657e-07,   9.60016818e-01,
         8.51519705e-02,   1.35409998e-01]), array([  3.29680723e-05,   5.05293896e-03,   5.46720930e-05,
         8.07992642e-07,   1.60217657e-07,   9.63046700e-01,
         8.51519705e-02,   1.35410083e-01]), array([  3.96244136e-05,   5.05352658e-03,   5.56065445e-05,
         8.07992642e-07,   1.60217657e-07,   9.66076571e-01,
         8.51519705e-02,   1.35410183e-01]), array([  4.63016638e-05,   5.05411421e-03,   5.65409967e-05,
         8.07992642e-07,   1.60217657e-07,   9.69106434e-01,
         8.51519705e-02,   1.35410296e-01]), array([  5.29998227e-05,   5.05470183e-03,   5.74754498e-05,
         8.07992642e-07,   1.60217657e-07,   9.72136283e-01,
         8.51519705e-02,   1.35410424e-01]), array([  5.97188902e-05,   5.05528946e-03,   5.84099038e-05,
         8.07992642e-07,   1.60217657e-07,   9.75166118e-01,
         8.51519705e-02,   1.35410564e-01]), array([  6.64588662e-05,   5.05587708e-03,   5.93443588e-05,
         8.07992642e-07,   1.60217657e-07,   9.78195939e-01,
         8.51519705e-02,   1.35410718e-01]), array([  7.32197507e-05,   5.05646471e-03,   6.02788149e-05,
         8.07992642e-07,   1.60217657e-07,   9.81225746e-01,
         8.51519705e-02,   1.35410884e-01]), array([  8.00015436e-05,   5.05705233e-03,   6.12132722e-05,
         8.07992642e-07,   1.60217657e-07,   9.84255540e-01,
         8.51519705e-02,   1.35411062e-01]), array([  8.68042446e-05,   5.05763996e-03,   6.21477307e-05,
         8.07992642e-07,   1.60217657e-07,   9.87285319e-01,
         8.51519705e-02,   1.35411252e-01]), array([  1.00472371e-04,   5.05881521e-03,   6.40166520e-05,
         8.07992642e-07,   1.60217657e-07,   9.93344836e-01,
         8.51519705e-02,   1.35411667e-01]), array([  1.07337796e-04,   5.05940283e-03,   6.49511149e-05,
         8.07992642e-07,   1.60217657e-07,   9.96374573e-01,
         8.51519705e-02,   1.35411892e-01]), array([  1.14224129e-04,   5.05999046e-03,   6.58855793e-05,
         8.07992642e-07,   1.60217657e-07,   9.99404296e-01,
         8.51519705e-02,   1.35412127e-01]), array([  1.21131370e-04,   5.06057808e-03,   6.68200454e-05,
         8.07992642e-07,   1.60217657e-07,   1.00243400e+00,
         8.51519705e-02,   1.35412373e-01]), array([  1.28059519e-04,   5.06116571e-03,   6.77545133e-05,
         8.07992642e-07,   1.60217657e-07,   1.00546370e+00,
         8.51519705e-02,   1.35412630e-01]), array([  1.35008575e-04,   5.06175333e-03,   6.86889829e-05,
         8.07992642e-07,   1.60217657e-07,   1.00849338e+00,
         8.51519705e-02,   1.35412896e-01]), array([  1.41978539e-04,   5.06234096e-03,   6.96234545e-05,
         8.07992642e-07,   1.60217657e-07,   1.01152306e+00,
         8.51519705e-02,   1.35413173e-01]), array([  1.48969410e-04,   5.06292858e-03,   7.05579279e-05,
         8.07992642e-07,   1.60217657e-07,   1.01455272e+00,
         8.51519705e-02,   1.35413458e-01]), array([  1.55981188e-04,   5.06351621e-03,   7.14924034e-05,
         8.07992642e-07,   1.60217657e-07,   1.01758237e+00,
         8.51519705e-02,   1.35413752e-01]), array([  1.63013874e-04,   5.06410383e-03,   7.24268809e-05,
         8.07992642e-07,   1.60217657e-07,   1.02061200e+00,
         8.51519705e-02,   1.35414054e-01]), array([  1.70067466e-04,   5.06469146e-03,   7.33613605e-05,
         8.07992642e-07,   1.60217657e-07,   1.02364162e+00,
         8.51519705e-02,   1.35414364e-01]), array([  1.77141966e-04,   5.06527908e-03,   7.42958423e-05,
         8.07992642e-07,   1.60217657e-07,   1.02667123e+00,
         8.51519705e-02,   1.35414682e-01]), array([  1.84237373e-04,   5.06586671e-03,   7.52303263e-05,
         8.07992642e-07,   1.60217657e-07,   1.02970083e+00,
         8.51519705e-02,   1.35415006e-01]), array([  1.91353687e-04,   5.06645433e-03,   7.61648126e-05,
         8.07992642e-07,   1.60217657e-07,   1.03273042e+00,
         8.51519705e-02,   1.35415338e-01]), array([  1.98490907e-04,   5.06704196e-03,   7.70993012e-05,
         8.07992642e-07,   1.60217657e-07,   1.03575999e+00,
         8.51519705e-02,   1.35415675e-01]), array([  2.05649034e-04,   5.06762958e-03,   7.80337921e-05,
         8.07992642e-07,   1.60217657e-07,   1.03878954e+00,
         8.51519705e-02,   1.35416019e-01]), array([  2.12828068e-04,   5.06821721e-03,   7.89682855e-05,
         8.07992642e-07,   1.60217657e-07,   1.04181908e+00,
         8.51519705e-02,   1.35416368e-01]), array([  2.20028009e-04,   5.06880483e-03,   7.99027812e-05,
         8.07992642e-07,   1.60217657e-07,   1.04484861e+00,
         8.51519705e-02,   1.35416723e-01]), array([  2.27248855e-04,   5.06939246e-03,   8.08372794e-05,
         8.07992642e-07,   1.60217657e-07,   1.04787813e+00,
         8.51519705e-02,   1.35417083e-01]), array([  2.34490609e-04,   5.06998008e-03,   8.17717802e-05,
         8.07992642e-07,   1.60217657e-07,   1.05090763e+00,
         8.51519705e-02,   1.35417447e-01]), array([  2.41753268e-04,   5.07056771e-03,   8.27062834e-05,
         8.07992642e-07,   1.60217657e-07,   1.05393713e+00,
         8.51519705e-02,   1.35417816e-01]), array([  2.49036834e-04,   5.07115533e-03,   8.36407892e-05,
         8.07992642e-07,   1.60217657e-07,   1.05696662e+00,
         8.51519705e-02,   1.35418188e-01]), array([  2.56341305e-04,   5.07174296e-03,   8.45752976e-05,
         8.07992642e-07,   1.60217657e-07,   1.05999610e+00,
         8.51519705e-02,   1.35418564e-01]), array([  2.63666683e-04,   5.07233058e-03,   8.55098086e-05,
         8.07992642e-07,   1.60217657e-07,   1.06302557e+00,
         8.51519705e-02,   1.35418942e-01]), array([  2.71012967e-04,   5.07291821e-03,   8.64443222e-05,
         8.07992642e-07,   1.60217657e-07,   1.06605503e+00,
         8.51519705e-02,   1.35419323e-01]), array([  2.78380157e-04,   5.07350583e-03,   8.73788384e-05,
         8.07992642e-07,   1.60217657e-07,   1.06908448e+00,
         8.51519705e-02,   1.35419706e-01]), array([  2.85768253e-04,   5.07409346e-03,   8.83133573e-05,
         8.07992642e-07,   1.60217657e-07,   1.07211392e+00,
         8.51519705e-02,   1.35420092e-01]), array([  2.93177254e-04,   5.07468108e-03,   8.92478789e-05,
         8.07992642e-07,   1.60217657e-07,   1.07514334e+00,
         8.51519705e-02,   1.35420478e-01]), array([  3.00607161e-04,   5.07526871e-03,   9.01824031e-05,
         8.07992642e-07,   1.60217657e-07,   1.07817274e+00,
         8.51519705e-02,   1.35420865e-01]), array([  3.08057974e-04,   5.07585633e-03,   9.11169300e-05,
         8.07992642e-07,   1.60217657e-07,   1.08120213e+00,
         8.51519705e-02,   1.35421252e-01]), array([  3.15529692e-04,   5.07644396e-03,   9.20514596e-05,
         8.07992642e-07,   1.60217657e-07,   1.08423150e+00,
         8.51519705e-02,   1.35421641e-01]), array([  3.23022316e-04,   5.07703158e-03,   9.29859918e-05,
         8.07992642e-07,   1.60217657e-07,   1.08726085e+00,
         8.51519705e-02,   1.35422029e-01]), array([  3.30535844e-04,   5.07761921e-03,   9.39205268e-05,
         8.07992642e-07,   1.60217657e-07,   1.09029019e+00,
         8.51519705e-02,   1.35422417e-01]), array([  3.38070278e-04,   5.07820683e-03,   9.48550644e-05,
         8.07992642e-07,   1.60217657e-07,   1.09331951e+00,
         8.51519705e-02,   1.35422804e-01]), array([  3.45625617e-04,   5.07879446e-03,   9.57896047e-05,
         8.07992642e-07,   1.60217657e-07,   1.09634881e+00,
         8.51519705e-02,   1.35423190e-01]), array([  3.53201861e-04,   5.07938208e-03,   9.67241476e-05,
         8.07992642e-07,   1.60217657e-07,   1.09937809e+00,
         8.51519705e-02,   1.35423576e-01]), array([  3.60799009e-04,   5.07996971e-03,   9.76586932e-05,
         8.07992642e-07,   1.60217657e-07,   1.10240736e+00,
         8.51519705e-02,   1.35423960e-01]), array([  3.68417062e-04,   5.08055733e-03,   9.85932414e-05,
         8.07992642e-07,   1.60217657e-07,   1.10543662e+00,
         8.51519705e-02,   1.35424343e-01]), array([  3.76056019e-04,   5.08114496e-03,   9.95277923e-05,
         8.07992642e-07,   1.60217657e-07,   1.10846588e+00,
         8.51519705e-02,   1.35424724e-01]), array([  3.83715882e-04,   5.08173258e-03,   1.00462346e-04,
         8.07992642e-07,   1.60217657e-07,   1.11149514e+00,
         8.51519705e-02,   1.35425104e-01]), array([  3.91396648e-04,   5.08232021e-03,   1.01396902e-04,
         8.07992642e-07,   1.60217657e-07,   1.11452440e+00,
         8.51519705e-02,   1.35425483e-01]), array([  3.99098320e-04,   5.08290783e-03,   1.02331461e-04,
         8.07992642e-07,   1.60217657e-07,   1.11755366e+00,
         8.51519705e-02,   1.35425862e-01]), array([  4.06820896e-04,   5.08349546e-03,   1.03266022e-04,
         8.07992642e-07,   1.60217657e-07,   1.12058293e+00,
         8.51519705e-02,   1.35426240e-01]), array([  4.14564376e-04,   5.08408308e-03,   1.04200586e-04,
         8.07992642e-07,   1.60217657e-07,   1.12361219e+00,
         8.51519705e-02,   1.35426617e-01]), array([  4.22328762e-04,   5.08467071e-03,   1.05135153e-04,
         8.07992642e-07,   1.60217657e-07,   1.12664145e+00,
         8.51519705e-02,   1.35426994e-01]), array([  4.30114052e-04,   5.08525833e-03,   1.06069722e-04,
         8.07992642e-07,   1.60217657e-07,   1.12967071e+00,
         8.51519705e-02,   1.35427370e-01]), array([  4.37920246e-04,   5.08584596e-03,   1.07004293e-04,
         8.07992642e-07,   1.60217657e-07,   1.13269997e+00,
         8.51519705e-02,   1.35427745e-01]), array([  4.45747345e-04,   5.08643358e-03,   1.07938868e-04,
         8.07992642e-07,   1.60217657e-07,   1.13572924e+00,
         8.51519705e-02,   1.35428119e-01]), array([  4.53595349e-04,   5.08702121e-03,   1.08873445e-04,
         8.07992642e-07,   1.60217657e-07,   1.13875850e+00,
         8.51519705e-02,   1.35428492e-01]), array([  4.61464258e-04,   5.08760883e-03,   1.09808024e-04,
         8.07992642e-07,   1.60217657e-07,   1.14178776e+00,
         8.51519705e-02,   1.35428863e-01]), array([  4.69354071e-04,   5.08819646e-03,   1.10742606e-04,
         8.07992642e-07,   1.60217657e-07,   1.14481702e+00,
         8.51519705e-02,   1.35429233e-01]), array([  4.77264788e-04,   5.08878408e-03,   1.11677191e-04,
         8.07992642e-07,   1.60217657e-07,   1.14784628e+00,
         8.51519705e-02,   1.35429602e-01]), array([  4.85196411e-04,   5.08937171e-03,   1.12611778e-04,
         8.07992642e-07,   1.60217657e-07,   1.15087554e+00,
         8.51519705e-02,   1.35429968e-01]), array([  4.93148937e-04,   5.08995933e-03,   1.13546368e-04,
         8.07992642e-07,   1.60217657e-07,   1.15390480e+00,
         8.51519705e-02,   1.35430333e-01]), array([  5.01122369e-04,   5.09054696e-03,   1.14480960e-04,
         8.07992642e-07,   1.60217657e-07,   1.15693406e+00,
         8.51519705e-02,   1.35430696e-01]), array([  5.09116705e-04,   5.09113458e-03,   1.15415554e-04,
         8.07992642e-07,   1.60217657e-07,   1.15996333e+00,
         8.51519705e-02,   1.35431057e-01]), array([  5.17131946e-04,   5.09172221e-03,   1.16350151e-04,
         8.07992642e-07,   1.60217657e-07,   1.16299260e+00,
         8.51519705e-02,   1.35431415e-01]), array([  5.25168091e-04,   5.09230983e-03,   1.17284751e-04,
         8.07992642e-07,   1.60217657e-07,   1.16602187e+00,
         8.51519705e-02,   1.35431772e-01]), array([  5.33225142e-04,   5.09289746e-03,   1.18219353e-04,
         8.07992642e-07,   1.60217657e-07,   1.16905113e+00,
         8.51519705e-02,   1.35432126e-01]), array([  5.41303096e-04,   5.09348508e-03,   1.19153958e-04,
         8.07992642e-07,   1.60217657e-07,   1.17208039e+00,
         8.51519705e-02,   1.35432477e-01]), array([  5.49401956e-04,   5.09407271e-03,   1.20088564e-04,
         8.07992642e-07,   1.60217657e-07,   1.17510965e+00,
         8.51519705e-02,   1.35432825e-01]), array([  5.57521720e-04,   5.09466033e-03,   1.21023174e-04,
         8.07992642e-07,   1.60217657e-07,   1.17813891e+00,
         8.51519705e-02,   1.35433170e-01]), array([  5.65662388e-04,   5.09524796e-03,   1.21957785e-04,
         8.07992642e-07,   1.60217657e-07,   1.18116816e+00,
         8.51519705e-02,   1.35433511e-01]), array([  5.73823962e-04,   5.09583558e-03,   1.22892399e-04,
         8.07992642e-07,   1.60217657e-07,   1.18419741e+00,
         8.51519705e-02,   1.35433848e-01]), array([  5.82006439e-04,   5.09642321e-03,   1.23827016e-04,
         8.07992642e-07,   1.60217657e-07,   1.18722664e+00,
         8.51519705e-02,   1.35434180e-01]), array([  5.90209821e-04,   5.09701083e-03,   1.24761634e-04,
         8.07992642e-07,   1.60217657e-07,   1.19025588e+00,
         8.51519705e-02,   1.35434508e-01]), array([  5.98434108e-04,   5.09759846e-03,   1.25696255e-04,
         8.07992642e-07,   1.60217657e-07,   1.19328511e+00,
         8.51519705e-02,   1.35434831e-01]), array([  6.06679299e-04,   5.09818608e-03,   1.26630878e-04,
         8.07992642e-07,   1.60217657e-07,   1.19631432e+00,
         8.51519705e-02,   1.35435148e-01]), array([  6.14945394e-04,   5.09877371e-03,   1.27565503e-04,
         8.07992642e-07,   1.60217657e-07,   1.19934353e+00,
         8.51519705e-02,   1.35435459e-01]), array([  6.23232393e-04,   5.09936134e-03,   1.28500131e-04,
         8.07992642e-07,   1.60217657e-07,   1.20237273e+00,
         8.51519705e-02,   1.35435765e-01]), array([  6.31540297e-04,   5.09994896e-03,   1.29434760e-04,
         8.07992642e-07,   1.60217657e-07,   1.20540192e+00,
         8.51519705e-02,   1.35436065e-01]), array([  6.39869104e-04,   5.10053659e-03,   1.30369392e-04,
         8.07992642e-07,   1.60217657e-07,   1.20843110e+00,
         8.51519705e-02,   1.35436359e-01]), array([  6.48218816e-04,   5.10112421e-03,   1.31304025e-04,
         8.07992642e-07,   1.60217657e-07,   1.21146027e+00,
         8.51519705e-02,   1.35436646e-01]), array([  6.56589431e-04,   5.10171184e-03,   1.32238660e-04,
         8.07992642e-07,   1.60217657e-07,   1.21448944e+00,
         8.51519705e-02,   1.35436927e-01]), array([  6.64980951e-04,   5.10229946e-03,   1.33173298e-04,
         8.07992642e-07,   1.60217657e-07,   1.21751859e+00,
         8.51519705e-02,   1.35437201e-01]), array([  6.73393374e-04,   5.10288709e-03,   1.34107937e-04,
         8.07992642e-07,   1.60217657e-07,   1.22054774e+00,
         8.51519705e-02,   1.35437468e-01]), array([  6.81826702e-04,   5.10347471e-03,   1.35042578e-04,
         8.07992642e-07,   1.60217657e-07,   1.22357687e+00,
         8.51519705e-02,   1.35437729e-01]), array([  6.90280932e-04,   5.10406234e-03,   1.35977221e-04,
         8.07992642e-07,   1.60217657e-07,   1.22660600e+00,
         8.51519705e-02,   1.35437984e-01]), array([  6.98756067e-04,   5.10464996e-03,   1.36911865e-04,
         8.07992642e-07,   1.60217657e-07,   1.22963512e+00,
         8.51519705e-02,   1.35438232e-01]), array([  7.07252105e-04,   5.10523759e-03,   1.37846512e-04,
         8.07992642e-07,   1.60217657e-07,   1.23266423e+00,
         8.51519705e-02,   1.35438474e-01]), array([  7.15769047e-04,   5.10582521e-03,   1.38781160e-04,
         8.07992642e-07,   1.60217657e-07,   1.23569335e+00,
         8.51519705e-02,   1.35438709e-01]), array([  7.24306892e-04,   5.10641284e-03,   1.39715809e-04,
         8.07992642e-07,   1.60217657e-07,   1.23872246e+00,
         8.51519705e-02,   1.35438938e-01]), array([  7.32865641e-04,   5.10700046e-03,   1.40650460e-04,
         8.07992642e-07,   1.60217657e-07,   1.24175158e+00,
         8.51519705e-02,   1.35439160e-01]), array([  7.50045850e-04,   5.10817571e-03,   1.42519767e-04,
         8.07992642e-07,   1.60217657e-07,   1.24780981e+00,
         8.51519705e-02,   1.35439587e-01]), array([  7.58667310e-04,   5.10876334e-03,   1.43454422e-04,
         8.07992642e-07,   1.60217657e-07,   1.25083893e+00,
         8.51519705e-02,   1.35439790e-01]), array([  7.67309674e-04,   5.10935096e-03,   1.44389079e-04,
         8.07992642e-07,   1.60217657e-07,   1.25386804e+00,
         8.51519705e-02,   1.35439988e-01])]], [[array([  0.00000000e+00,   9.95000006e-03,   9.95000018e-03,
         8.07992642e-07,   1.60217657e-07,   1.55387395e+00,
        -4.60680757e-02,   2.91677659e-01]), array([  1.07335794e-05,   9.94968215e-03,   9.95201301e-03,
         8.07992642e-07,   1.60217657e-07,   1.55690368e+00,
        -4.60680913e-02,   2.91677643e-01]), array([  2.14880666e-05,   9.94936424e-03,   9.95402585e-03,
         8.07992642e-07,   1.60217657e-07,   1.55993339e+00,
        -4.60681227e-02,   2.91677611e-01]), array([  3.22634614e-05,   9.94904633e-03,   9.95603869e-03,
         8.07992642e-07,   1.60217657e-07,   1.56296307e+00,
        -4.60681689e-02,   2.91677562e-01]), array([  4.30597636e-05,   9.94872842e-03,   9.95805152e-03,
         8.07992642e-07,   1.60217657e-07,   1.56599272e+00,
        -4.60682290e-02,   2.91677497e-01]), array([  5.38769730e-05,   9.94841051e-03,   9.96006436e-03,
         8.07992642e-07,   1.60217657e-07,   1.56902234e+00,
        -4.60683021e-02,   2.91677416e-01]), array([  6.47150894e-05,   9.94809259e-03,   9.96207720e-03,
         8.07992642e-07,   1.60217657e-07,   1.57205194e+00,
        -4.60683872e-02,   2.91677319e-01]), array([  7.55741127e-05,   9.94777468e-03,   9.96409003e-03,
         8.07992642e-07,   1.60217657e-07,   1.57508151e+00,
        -4.60684833e-02,   2.91677207e-01]), array([  8.64540426e-05,   9.94745676e-03,   9.96610287e-03,
         8.07992642e-07,   1.60217657e-07,   1.57811105e+00,
        -4.60685892e-02,   2.91677081e-01]), array([  9.73548791e-05,   9.94713885e-03,   9.96811570e-03,
         8.07992642e-07,   1.60217657e-07,   1.58114058e+00,
        -4.60687039e-02,   2.91676941e-01]), array([  1.08276622e-04,   9.94682093e-03,   9.97012853e-03,
         8.07992642e-07,   1.60217657e-07,   1.58417008e+00,
        -4.60688268e-02,   2.91676788e-01]), array([  1.19219271e-04,   9.94650302e-03,   9.97214136e-03,
         8.07992642e-07,   1.60217657e-07,   1.58719957e+00,
        -4.60689569e-02,   2.91676622e-01]), array([  1.30182826e-04,   9.94618510e-03,   9.97415419e-03,
         8.07992642e-07,   1.60217657e-07,   1.59022904e+00,
        -4.60690942e-02,   2.91676443e-01]), array([  1.41167287e-04,   9.94586718e-03,   9.97616702e-03,
         8.07992642e-07,   1.60217657e-07,   1.59325850e+00,
        -4.60692366e-02,   2.91676253e-01]), array([  1.63198928e-04,   9.94523134e-03,   9.98019267e-03,
         8.07992642e-07,   1.60217657e-07,   1.59931737e+00,
        -4.60695347e-02,   2.91675842e-01]), array([  1.74246106e-04,   9.94491342e-03,   9.98220550e-03,
         8.07992642e-07,   1.60217657e-07,   1.60234679e+00,
        -4.60696888e-02,   2.91675623e-01]), array([  1.85314191e-04,   9.94459550e-03,   9.98421832e-03,
         8.07992642e-07,   1.60217657e-07,   1.60537620e+00,
        -4.60698448e-02,   2.91675396e-01]), array([  1.96403181e-04,   9.94427757e-03,   9.98623114e-03,
         8.07992642e-07,   1.60217657e-07,   1.60840561e+00,
        -4.60700025e-02,   2.91675161e-01]), array([  2.07513076e-04,   9.94395965e-03,   9.98824396e-03,
         8.07992642e-07,   1.60217657e-07,   1.61143501e+00,
        -4.60701611e-02,   2.91674920e-01]), array([  2.18643878e-04,   9.94364172e-03,   9.99025678e-03,
         8.07992642e-07,   1.60217657e-07,   1.61446440e+00,
        -4.60703205e-02,   2.91674672e-01]), array([  2.29795584e-04,   9.94332379e-03,   9.99226960e-03,
         8.07992642e-07,   1.60217657e-07,   1.61749378e+00,
        -4.60704800e-02,   2.91674419e-01]), array([  2.40968196e-04,   9.94300587e-03,   9.99428241e-03,
         8.07992642e-07,   1.60217657e-07,   1.62052317e+00,
        -4.60706391e-02,   2.91674160e-01]), array([  2.52161714e-04,   9.94268794e-03,   9.99629522e-03,
         8.07992642e-07,   1.60217657e-07,   1.62355254e+00,
        -4.60707979e-02,   2.91673896e-01]), array([  2.63376137e-04,   9.94237001e-03,   9.99830803e-03,
         8.07992642e-07,   1.60217657e-07,   1.62658191e+00,
        -4.60709553e-02,   2.91673629e-01]), array([  0.00000000e+00,   3.44999979e-03,   4.75000009e-03,
         8.07992642e-07,   1.60217657e-07,   7.85342475e-01,
        -7.88338231e-02,   5.16192939e-02]), array([  5.43002392e-06,   3.44945576e-03,   4.75035631e-03,
         8.07992642e-07,   1.60217657e-07,   7.88372714e-01,
        -7.88338231e-02,   5.16192939e-02]), array([  1.08809592e-05,   3.44891174e-03,   4.75071253e-03,
         8.07992642e-07,   1.60217657e-07,   7.91402940e-01,
        -7.88338231e-02,   5.16192939e-02]), array([  1.63528056e-05,   3.44836772e-03,   4.75106875e-03,
         8.07992642e-07,   1.60217657e-07,   7.94433153e-01,
        -7.88338231e-02,   5.16192939e-02]), array([  2.18455633e-05,   3.44782369e-03,   4.75142496e-03,
         8.07992642e-07,   1.60217657e-07,   7.97463354e-01,
        -7.88338231e-02,   5.16192939e-02]), array([  2.73592319e-05,   3.44727967e-03,   4.75178118e-03,
         8.07992642e-07,   1.60217657e-07,   8.00493541e-01,
        -7.88338231e-02,   5.16192939e-02]), array([  3.28938116e-05,   3.44673564e-03,   4.75213740e-03,
         8.07992642e-07,   1.60217657e-07,   8.03523715e-01,
        -7.88338231e-02,   5.16192939e-02]), array([  3.84493021e-05,   3.44619162e-03,   4.75249362e-03,
         8.07992642e-07,   1.60217657e-07,   8.06553877e-01,
        -7.88338231e-02,   5.16192939e-02]), array([  4.40257034e-05,   3.44564759e-03,   4.75284984e-03,
         8.07992642e-07,   1.60217657e-07,   8.09584025e-01,
        -7.88338231e-02,   5.16192939e-02]), array([  4.96230155e-05,   3.44510357e-03,   4.75320606e-03,
         8.07992642e-07,   1.60217657e-07,   8.12614160e-01,
        -7.88338231e-02,   5.16192939e-02]), array([  5.52412381e-05,   3.44455955e-03,   4.75356228e-03,
         8.07992642e-07,   1.60217657e-07,   8.15644282e-01,
        -7.88338231e-02,   5.16192939e-02]), array([  6.08803712e-05,   3.44401552e-03,   4.75391850e-03,
         8.07992642e-07,   1.60217657e-07,   8.18674391e-01,
        -7.88338231e-02,   5.16192939e-02]), array([  6.65404148e-05,   3.44347150e-03,   4.75427472e-03,
         8.07992642e-07,   1.60217657e-07,   8.21704486e-01,
        -7.88338231e-02,   5.16192939e-02]), array([  7.22213687e-05,   3.44292747e-03,   4.75463094e-03,
         8.07992642e-07,   1.60217657e-07,   8.24734568e-01,
        -7.88338231e-02,   5.16192939e-02]), array([  7.79232328e-05,   3.44238345e-03,   4.75498716e-03,
         8.07992642e-07,   1.60217657e-07,   8.27764637e-01,
        -7.88338231e-02,   5.16192939e-02]), array([  8.36460071e-05,   3.44183943e-03,   4.75534338e-03,
         8.07992642e-07,   1.60217657e-07,   8.30794692e-01,
        -7.88338231e-02,   5.16192939e-02]), array([  8.93896915e-05,   3.44129540e-03,   4.75569960e-03,
         8.07992642e-07,   1.60217657e-07,   8.33824733e-01,
        -7.88338231e-02,   5.16192939e-02]), array([  9.51542858e-05,   3.44075138e-03,   4.75605582e-03,
         8.07992642e-07,   1.60217657e-07,   8.36854762e-01,
        -7.88338231e-02,   5.16192939e-02]), array([  1.00939790e-04,   3.44020735e-03,   4.75641204e-03,
         8.07992642e-07,   1.60217657e-07,   8.39884776e-01,
        -7.88338231e-02,   5.16192939e-02]), array([  1.06746204e-04,   3.43966333e-03,   4.75676826e-03,
         8.07992642e-07,   1.60217657e-07,   8.42914777e-01,
        -7.88338231e-02,   5.16192939e-02]), array([  1.12573528e-04,   3.43911930e-03,   4.75712448e-03,
         8.07992642e-07,   1.60217657e-07,   8.45944764e-01,
        -7.88338231e-02,   5.16192939e-02]), array([  1.18421761e-04,   3.43857528e-03,   4.75748070e-03,
         8.07992642e-07,   1.60217657e-07,   8.48974738e-01,
        -7.88338231e-02,   5.16192939e-02]), array([  1.24290903e-04,   3.43803126e-03,   4.75783692e-03,
         8.07992642e-07,   1.60217657e-07,   8.52004697e-01,
        -7.88338231e-02,   5.16192939e-02]), array([  1.30180956e-04,   3.43748723e-03,   4.75819313e-03,
         8.07992642e-07,   1.60217657e-07,   8.55034643e-01,
        -7.88338231e-02,   5.16192939e-02]), array([  1.36091917e-04,   3.43694321e-03,   4.75854935e-03,
         8.07992642e-07,   1.60217657e-07,   8.58064575e-01,
        -7.88338231e-02,   5.16192939e-02]), array([  1.42023788e-04,   3.43639918e-03,   4.75890557e-03,
         8.07992642e-07,   1.60217657e-07,   8.61094493e-01,
        -7.88338231e-02,   5.16192939e-02]), array([  1.47976567e-04,   3.43585516e-03,   4.75926179e-03,
         8.07992642e-07,   1.60217657e-07,   8.64124397e-01,
        -7.88338231e-02,   5.16192939e-02]), array([  1.53950256e-04,   3.43531114e-03,   4.75961801e-03,
         8.07992642e-07,   1.60217657e-07,   8.67154287e-01,
        -7.88338231e-02,   5.16192939e-02]), array([  1.59944854e-04,   3.43476711e-03,   4.75997423e-03,
         8.07992642e-07,   1.60217657e-07,   8.70184163e-01,
        -7.88338231e-02,   5.16192939e-02]), array([  1.65960360e-04,   3.43422309e-03,   4.76033045e-03,
         8.07992642e-07,   1.60217657e-07,   8.73214025e-01,
        -7.88338231e-02,   5.16192939e-02]), array([  1.71996775e-04,   3.43367906e-03,   4.76068667e-03,
         8.07992642e-07,   1.60217657e-07,   8.76243873e-01,
        -7.88338231e-02,   5.16192939e-02]), array([  1.78054099e-04,   3.43313504e-03,   4.76104289e-03,
         8.07992642e-07,   1.60217657e-07,   8.79273706e-01,
        -7.88338231e-02,   5.16192939e-02]), array([  1.84132331e-04,   3.43259101e-03,   4.76139911e-03,
         8.07992642e-07,   1.60217657e-07,   8.82303525e-01,
        -7.88338231e-02,   5.16192939e-02]), array([  1.90231472e-04,   3.43204699e-03,   4.76175533e-03,
         8.07992642e-07,   1.60217657e-07,   8.85333330e-01,
        -7.88338231e-02,   5.16192939e-02]), array([  1.96351521e-04,   3.43150297e-03,   4.76211155e-03,
         8.07992642e-07,   1.60217657e-07,   8.88363121e-01,
        -7.88338231e-02,   5.16192939e-02]), array([  2.02492478e-04,   3.43095894e-03,   4.76246777e-03,
         8.07992642e-07,   1.60217657e-07,   8.91392897e-01,
        -7.88338231e-02,   5.16192939e-02]), array([  2.08654344e-04,   3.43041492e-03,   4.76282399e-03,
         8.07992642e-07,   1.60217657e-07,   8.94422658e-01,
        -7.88338231e-02,   5.16192939e-02]), array([  2.14837117e-04,   3.42987089e-03,   4.76318021e-03,
         8.07992642e-07,   1.60217657e-07,   8.97452405e-01,
        -7.88338231e-02,   5.16192939e-02]), array([  2.21040798e-04,   3.42932687e-03,   4.76353643e-03,
         8.07992642e-07,   1.60217657e-07,   9.00482137e-01,
        -7.88338231e-02,   5.16192939e-02]), array([  2.27265388e-04,   3.42878285e-03,   4.76389265e-03,
         8.07992642e-07,   1.60217657e-07,   9.03511855e-01,
        -7.88338231e-02,   5.16192939e-02]), array([  2.33510885e-04,   3.42823882e-03,   4.76424887e-03,
         8.07992642e-07,   1.60217657e-07,   9.06541558e-01,
        -7.88338231e-02,   5.16192939e-02]), array([  2.39777289e-04,   3.42769480e-03,   4.76460509e-03,
         8.07992642e-07,   1.60217657e-07,   9.09571247e-01,
        -7.88338231e-02,   5.16192939e-02]), array([  2.46064601e-04,   3.42715077e-03,   4.76496130e-03,
         8.07992642e-07,   1.60217657e-07,   9.12600920e-01,
        -7.88338231e-02,   5.16192939e-02]), array([  2.52372821e-04,   3.42660675e-03,   4.76531752e-03,
         8.07992642e-07,   1.60217657e-07,   9.15630579e-01,
        -7.88338231e-02,   5.16192939e-02]), array([  2.58701947e-04,   3.42606272e-03,   4.76567374e-03,
         8.07992642e-07,   1.60217657e-07,   9.18660223e-01,
        -7.88338231e-02,   5.16192939e-02]), array([  2.65051981e-04,   3.42551870e-03,   4.76602996e-03,
         8.07992642e-07,   1.60217657e-07,   9.21689852e-01,
        -7.88338231e-02,   5.16192939e-02]), array([  2.71422922e-04,   3.42497468e-03,   4.76638618e-03,
         8.07992642e-07,   1.60217657e-07,   9.24719466e-01,
        -7.88338231e-02,   5.16192939e-02]), array([  2.77814770e-04,   3.42443065e-03,   4.76674240e-03,
         8.07992642e-07,   1.60217657e-07,   9.27749065e-01,
        -7.88338231e-02,   5.16192939e-02]), array([  2.84227525e-04,   3.42388663e-03,   4.76709862e-03,
         8.07992642e-07,   1.60217657e-07,   9.30778649e-01,
        -7.88338231e-02,   5.16192939e-02]), array([  2.90661187e-04,   3.42334260e-03,   4.76745484e-03,
         8.07992642e-07,   1.60217657e-07,   9.33808218e-01,
        -7.88338231e-02,   5.16192939e-02]), array([  2.97115756e-04,   3.42279858e-03,   4.76781106e-03,
         8.07992642e-07,   1.60217657e-07,   9.36837772e-01,
        -7.88338231e-02,   5.16192939e-02]), array([  3.03591231e-04,   3.42225456e-03,   4.76816728e-03,
         8.07992642e-07,   1.60217657e-07,   9.39867310e-01,
        -7.88338231e-02,   5.16192939e-02]), array([  3.10087612e-04,   3.42171053e-03,   4.76852350e-03,
         8.07992642e-07,   1.60217657e-07,   9.42896833e-01,
        -7.88338231e-02,   5.16192939e-02]), array([  3.16604900e-04,   3.42116651e-03,   4.76887972e-03,
         8.07992642e-07,   1.60217657e-07,   9.45926341e-01,
        -7.88338231e-02,   5.16192939e-02]), array([  3.23143094e-04,   3.42062248e-03,   4.76923594e-03,
         8.07992642e-07,   1.60217657e-07,   9.48955834e-01,
        -7.88338231e-02,   5.16192939e-02]), array([  3.29702195e-04,   3.42007846e-03,   4.76959216e-03,
         8.07992642e-07,   1.60217657e-07,   9.51985311e-01,
        -7.88338231e-02,   5.16192939e-02]), array([  3.36282201e-04,   3.41953443e-03,   4.76994838e-03,
         8.07992642e-07,   1.60217657e-07,   9.55014772e-01,
        -7.88338231e-02,   5.16192939e-02]), array([  3.42883114e-04,   3.41899041e-03,   4.77030460e-03,
         8.07992642e-07,   1.60217657e-07,   9.58044218e-01,
        -7.88338231e-02,   5.16192939e-02]), array([  3.49504932e-04,   3.41844639e-03,   4.77066082e-03,
         8.07992642e-07,   1.60217657e-07,   9.61073651e-01,
        -7.88338231e-02,   5.16192939e-02]), array([  3.56147656e-04,   3.41790236e-03,   4.77101704e-03,
         8.07992642e-07,   1.60217657e-07,   9.64103071e-01,
        -7.88338231e-02,   5.16192939e-02]), array([  3.62811286e-04,   3.41735834e-03,   4.77137326e-03,
         8.07992642e-07,   1.60217657e-07,   9.67132484e-01,
        -7.88338231e-02,   5.16192939e-02]), array([  3.69495821e-04,   3.41681431e-03,   4.77172947e-03,
         8.07992642e-07,   1.60217657e-07,   9.70161888e-01,
        -7.88338231e-02,   5.16192939e-02]), array([  3.76201262e-04,   3.41627029e-03,   4.77208569e-03,
         8.07992642e-07,   1.60217657e-07,   9.73191285e-01,
        -7.88338231e-02,   5.16192939e-02]), array([  3.82927608e-04,   3.41572627e-03,   4.77244191e-03,
         8.07992642e-07,   1.60217657e-07,   9.76220674e-01,
        -7.88338231e-02,   5.16192939e-02]), array([  3.89674860e-04,   3.41518224e-03,   4.77279813e-03,
         8.07992642e-07,   1.60217657e-07,   9.79250054e-01,
        -7.88338231e-02,   5.16192939e-02]), array([  3.96443017e-04,   3.41463822e-03,   4.77315435e-03,
         8.07992642e-07,   1.60217657e-07,   9.82279427e-01,
        -7.88338231e-02,   5.16192939e-02]), array([  4.03232080e-04,   3.41409419e-03,   4.77351057e-03,
         8.07992642e-07,   1.60217657e-07,   9.85308792e-01,
        -7.88338231e-02,   5.16192939e-02]), array([  4.10042048e-04,   3.41355017e-03,   4.77386679e-03,
         8.07992642e-07,   1.60217657e-07,   9.88338149e-01,
        -7.88338231e-02,   5.16192939e-02]), array([  4.16872921e-04,   3.41300614e-03,   4.77422301e-03,
         8.07992642e-07,   1.60217657e-07,   9.91367498e-01,
        -7.88338231e-02,   5.16192939e-02]), array([  4.23724700e-04,   3.41246212e-03,   4.77457923e-03,
         8.07992642e-07,   1.60217657e-07,   9.94396839e-01,
        -7.88338231e-02,   5.16192939e-02]), array([  4.30597384e-04,   3.41191810e-03,   4.77493545e-03,
         8.07992642e-07,   1.60217657e-07,   9.97426172e-01,
        -7.88338231e-02,   5.16192939e-02]), array([  4.37490972e-04,   3.41137407e-03,   4.77529167e-03,
         8.07992642e-07,   1.60217657e-07,   1.00045550e+00,
        -7.88338231e-02,   5.16192939e-02]), array([  4.44405466e-04,   3.41083005e-03,   4.77564789e-03,
         8.07992642e-07,   1.60217657e-07,   1.00348481e+00,
        -7.88338231e-02,   5.16192939e-02]), array([  4.58297168e-04,   3.40974200e-03,   4.77636033e-03,
         8.07992642e-07,   1.60217657e-07,   1.00954342e+00,
        -7.88338231e-02,   5.16192939e-02]), array([  4.65274377e-04,   3.40919798e-03,   4.77671655e-03,
         8.07992642e-07,   1.60217657e-07,   1.01257271e+00,
        -7.88338231e-02,   5.16192939e-02]), array([  4.72272490e-04,   3.40865395e-03,   4.77707277e-03,
         8.07992642e-07,   1.60217657e-07,   1.01560200e+00,
        -7.88338231e-02,   5.16192939e-02])]]]
LENGTH OF PDS = 1
LENGTH OF PDS = 1
LENGTH OF PDS = 1
